[0.010s] Invoking command in '/home/gopal/bumperbot_ws/build/bumperbot_mapping': CMAKE_PREFIX_PATH=/opt/ros/humble /usr/bin/cmake --build /home/gopal/bumperbot_ws/build/bumperbot_mapping -- -j8 -l8
[0.072s] [35m[1mConsolidate compiler generated dependencies of target mapping_with_known_poses[0m
[0.088s] [100%] Built target mapping_with_known_poses
[0.088s] [100%] Built target ament_cmake_python_copy_bumperbot_mapping
[0.353s] running egg_info
[0.355s] writing bumperbot_mapping.egg-info/PKG-INFO
[0.355s] writing dependency_links to bumperbot_mapping.egg-info/dependency_links.txt
[0.355s] writing top-level names to bumperbot_mapping.egg-info/top_level.txt
[0.358s] reading manifest file 'bumperbot_mapping.egg-info/SOURCES.txt'
[0.364s] writing manifest file 'bumperbot_mapping.egg-info/SOURCES.txt'
[0.401s] [100%] Built target ament_cmake_python_build_bumperbot_mapping_egg
[0.411s] Invoked command in '/home/gopal/bumperbot_ws/build/bumperbot_mapping' returned '0': CMAKE_PREFIX_PATH=/opt/ros/humble /usr/bin/cmake --build /home/gopal/bumperbot_ws/build/bumperbot_mapping -- -j8 -l8
[0.413s] Invoking command in '/home/gopal/bumperbot_ws/build/bumperbot_mapping': CMAKE_PREFIX_PATH=/opt/ros/humble /usr/bin/cmake --install /home/gopal/bumperbot_ws/build/bumperbot_mapping
[0.419s] -- Install configuration: ""
[0.419s] -- Up-to-date: /home/gopal/bumperbot_ws/install/bumperbot_mapping/share/bumperbot_mapping/environment/pythonpath.sh
[0.419s] -- Up-to-date: /home/gopal/bumperbot_ws/install/bumperbot_mapping/share/bumperbot_mapping/environment/pythonpath.dsv
[0.419s] -- Up-to-date: /home/gopal/bumperbot_ws/install/bumperbot_mapping/local/lib/python3.10/dist-packages/bumperbot_mapping-0.0.0-py3.10.egg-info
[0.419s] -- Installing: /home/gopal/bumperbot_ws/install/bumperbot_mapping/local/lib/python3.10/dist-packages/bumperbot_mapping-0.0.0-py3.10.egg-info/top_level.txt
[0.419s] -- Installing: /home/gopal/bumperbot_ws/install/bumperbot_mapping/local/lib/python3.10/dist-packages/bumperbot_mapping-0.0.0-py3.10.egg-info/dependency_links.txt
[0.419s] -- Installing: /home/gopal/bumperbot_ws/install/bumperbot_mapping/local/lib/python3.10/dist-packages/bumperbot_mapping-0.0.0-py3.10.egg-info/SOURCES.txt
[0.420s] -- Installing: /home/gopal/bumperbot_ws/install/bumperbot_mapping/local/lib/python3.10/dist-packages/bumperbot_mapping-0.0.0-py3.10.egg-info/PKG-INFO
[0.420s] -- Up-to-date: /home/gopal/bumperbot_ws/install/bumperbot_mapping/local/lib/python3.10/dist-packages/bumperbot_mapping
[0.420s] -- Up-to-date: /home/gopal/bumperbot_ws/install/bumperbot_mapping/local/lib/python3.10/dist-packages/bumperbot_mapping/mapping_with_known_poses.py
[0.420s] -- Up-to-date: /home/gopal/bumperbot_ws/install/bumperbot_mapping/local/lib/python3.10/dist-packages/bumperbot_mapping/__init__.py
[0.448s] Listing '/home/gopal/bumperbot_ws/install/bumperbot_mapping/local/lib/python3.10/dist-packages/bumperbot_mapping'...
[0.456s] -- Up-to-date: /home/gopal/bumperbot_ws/install/bumperbot_mapping/include/include
[0.456s] -- Up-to-date: /home/gopal/bumperbot_ws/install/bumperbot_mapping/include/include/bumperbot_mapping
[0.456s] -- Up-to-date: /home/gopal/bumperbot_ws/install/bumperbot_mapping/include/include/bumperbot_mapping/mapping_with_known_poses.hpp
[0.456s] -- Up-to-date: /home/gopal/bumperbot_ws/install/bumperbot_mapping/lib/bumperbot_mapping/mapping_with_known_poses
[0.456s] -- Up-to-date: /home/gopal/bumperbot_ws/install/bumperbot_mapping/share/bumperbot_mapping/config
[0.457s] -- Up-to-date: /home/gopal/bumperbot_ws/install/bumperbot_mapping/share/bumperbot_mapping/config/slam_toolbox.yaml
[0.457s] -- Up-to-date: /home/gopal/bumperbot_ws/install/bumperbot_mapping/share/bumperbot_mapping/launch
[0.457s] -- Up-to-date: /home/gopal/bumperbot_ws/install/bumperbot_mapping/share/bumperbot_mapping/launch/slam.launch.py
[0.457s] -- Up-to-date: /home/gopal/bumperbot_ws/install/bumperbot_mapping/share/bumperbot_mapping/maps
[0.457s] -- Up-to-date: /home/gopal/bumperbot_ws/install/bumperbot_mapping/share/bumperbot_mapping/maps/small_warehouse
[0.457s] -- Up-to-date: /home/gopal/bumperbot_ws/install/bumperbot_mapping/share/bumperbot_mapping/maps/small_warehouse/map.yaml
[0.457s] -- Up-to-date: /home/gopal/bumperbot_ws/install/bumperbot_mapping/share/bumperbot_mapping/maps/small_warehouse/map.pgm
[0.457s] -- Up-to-date: /home/gopal/bumperbot_ws/install/bumperbot_mapping/share/bumperbot_mapping/maps/small_house
[0.457s] -- Up-to-date: /home/gopal/bumperbot_ws/install/bumperbot_mapping/share/bumperbot_mapping/maps/small_house/map.yaml
[0.457s] -- Up-to-date: /home/gopal/bumperbot_ws/install/bumperbot_mapping/share/bumperbot_mapping/maps/small_house/map.pgm
[0.458s] -- Up-to-date: /home/gopal/bumperbot_ws/install/bumperbot_mapping/share/bumperbot_mapping/rviz
[0.458s] -- Up-to-date: /home/gopal/bumperbot_ws/install/bumperbot_mapping/share/bumperbot_mapping/rviz/slam.rviz
[0.458s] -- Up-to-date: /home/gopal/bumperbot_ws/install/bumperbot_mapping/lib/bumperbot_mapping/mapping_with_known_poses.py
[0.458s] -- Up-to-date: /home/gopal/bumperbot_ws/install/bumperbot_mapping/share/ament_index/resource_index/package_run_dependencies/bumperbot_mapping
[0.458s] -- Up-to-date: /home/gopal/bumperbot_ws/install/bumperbot_mapping/share/ament_index/resource_index/parent_prefix_path/bumperbot_mapping
[0.458s] -- Up-to-date: /home/gopal/bumperbot_ws/install/bumperbot_mapping/share/bumperbot_mapping/environment/ament_prefix_path.sh
[0.458s] -- Up-to-date: /home/gopal/bumperbot_ws/install/bumperbot_mapping/share/bumperbot_mapping/environment/ament_prefix_path.dsv
[0.458s] -- Up-to-date: /home/gopal/bumperbot_ws/install/bumperbot_mapping/share/bumperbot_mapping/environment/path.sh
[0.458s] -- Up-to-date: /home/gopal/bumperbot_ws/install/bumperbot_mapping/share/bumperbot_mapping/environment/path.dsv
[0.458s] -- Up-to-date: /home/gopal/bumperbot_ws/install/bumperbot_mapping/share/bumperbot_mapping/local_setup.bash
[0.458s] -- Up-to-date: /home/gopal/bumperbot_ws/install/bumperbot_mapping/share/bumperbot_mapping/local_setup.sh
[0.458s] -- Up-to-date: /home/gopal/bumperbot_ws/install/bumperbot_mapping/share/bumperbot_mapping/local_setup.zsh
[0.458s] -- Up-to-date: /home/gopal/bumperbot_ws/install/bumperbot_mapping/share/bumperbot_mapping/local_setup.dsv
[0.458s] -- Installing: /home/gopal/bumperbot_ws/install/bumperbot_mapping/share/bumperbot_mapping/package.dsv
[0.459s] -- Up-to-date: /home/gopal/bumperbot_ws/install/bumperbot_mapping/share/ament_index/resource_index/packages/bumperbot_mapping
[0.459s] -- Up-to-date: /home/gopal/bumperbot_ws/install/bumperbot_mapping/share/bumperbot_mapping/cmake/bumperbot_mappingConfig.cmake
[0.459s] -- Up-to-date: /home/gopal/bumperbot_ws/install/bumperbot_mapping/share/bumperbot_mapping/cmake/bumperbot_mappingConfig-version.cmake
[0.459s] -- Up-to-date: /home/gopal/bumperbot_ws/install/bumperbot_mapping/share/bumperbot_mapping/package.xml
[0.463s] Invoked command in '/home/gopal/bumperbot_ws/build/bumperbot_mapping' returned '0': CMAKE_PREFIX_PATH=/opt/ros/humble /usr/bin/cmake --install /home/gopal/bumperbot_ws/build/bumperbot_mapping
