[0.028s] Invoking command in '/home/gopal/bumperbot_ws/build/bumperbot_controller': CMAKE_PREFIX_PATH=/opt/ros/humble /usr/bin/cmake /home/gopal/bumperbot_ws/src/bumperbot_controller -DCMAKE_INSTALL_PREFIX=/home/gopal/bumperbot_ws/install/bumperbot_controller
[0.171s] -- The C compiler identification is GNU 11.4.0
[0.287s] -- The CXX compiler identification is GNU 11.4.0
[0.299s] -- Detecting C compiler ABI info
[0.416s] -- Detecting C compiler ABI info - done
[0.423s] -- Check for working C compiler: /usr/bin/cc - skipped
[0.423s] -- Detecting C compile features
[0.423s] -- Detecting C compile features - done
[0.425s] -- Detecting CXX compiler ABI info
[0.547s] -- Detecting CXX compiler ABI info - done
[0.560s] -- Check for working CXX compiler: /usr/bin/c++ - skipped
[0.560s] -- Detecting CXX compile features
[0.560s] -- Detecting CXX compile features - done
[0.577s] -- Found ament_cmake: 1.3.12 (/opt/ros/humble/share/ament_cmake/cmake)
[0.807s] -- Found Python3: /usr/bin/python3 (found version "3.10.12") found components: Interpreter 
[0.962s] -- Found rclcpp: 16.0.14 (/opt/ros/humble/share/rclcpp/cmake)
[1.029s] -- Found rosidl_generator_c: 3.1.7 (/opt/ros/humble/share/rosidl_generator_c/cmake)
[1.038s] -- Found rosidl_adapter: 3.1.7 (/opt/ros/humble/share/rosidl_adapter/cmake)
[1.052s] -- Found rosidl_generator_cpp: 3.1.7 (/opt/ros/humble/share/rosidl_generator_cpp/cmake)
[1.077s] -- Using all available rosidl_typesupport_c: rosidl_typesupport_fastrtps_c;rosidl_typesupport_introspection_c
[1.105s] -- Using all available rosidl_typesupport_cpp: rosidl_typesupport_fastrtps_cpp;rosidl_typesupport_introspection_cpp
[1.174s] -- Found rmw_implementation_cmake: 6.1.2 (/opt/ros/humble/share/rmw_implementation_cmake/cmake)
[1.179s] -- Found rmw_cyclonedds_cpp: 1.3.4 (/opt/ros/humble/share/rmw_cyclonedds_cpp/cmake)
[1.214s] -- Using RMW implementation 'rmw_cyclonedds_cpp' as default
[1.230s] -- Looking for pthread.h
[1.356s] -- Looking for pthread.h - found
[1.356s] -- Performing Test CMAKE_HAVE_LIBC_PTHREAD
[1.490s] -- Performing Test CMAKE_HAVE_LIBC_PTHREAD - Success
[1.491s] -- Found Threads: TRUE  
[1.570s] -- Found rclpy: 3.3.17 (/opt/ros/humble/share/rclpy/cmake)
[1.570s] -- Found geometry_msgs: 4.9.0 (/opt/ros/humble/share/geometry_msgs/cmake)
[1.592s] -- Found sensor_msgs: 4.9.0 (/opt/ros/humble/share/sensor_msgs/cmake)
[1.620s] -- Found nav_msgs: 4.9.0 (/opt/ros/humble/share/nav_msgs/cmake)
[1.646s] -- Found tf2_ros: 0.25.15 (/opt/ros/humble/share/tf2_ros/cmake)
[2.039s] -- Configuring done
[2.074s] -- Generating done
[2.091s] -- Build files have been written to: /home/gopal/bumperbot_ws/build/bumperbot_controller
[2.131s] Invoked command in '/home/gopal/bumperbot_ws/build/bumperbot_controller' returned '0': CMAKE_PREFIX_PATH=/opt/ros/humble /usr/bin/cmake /home/gopal/bumperbot_ws/src/bumperbot_controller -DCMAKE_INSTALL_PREFIX=/home/gopal/bumperbot_ws/install/bumperbot_controller
[2.132s] Invoking command in '/home/gopal/bumperbot_ws/build/bumperbot_controller': CMAKE_PREFIX_PATH=/opt/ros/humble /usr/bin/cmake --build /home/gopal/bumperbot_ws/build/bumperbot_controller -- -j8 -l8
[2.410s] [ 16%] [32mBuilding CXX object CMakeFiles/simple_controller.dir/src/simple_controller.cpp.o[0m
[2.410s] [ 33%] [32mBuilding CXX object CMakeFiles/twist_relay.dir/src/twist_relay.cpp.o[0m
[2.410s] [ 50%] [32mBuilding CXX object CMakeFiles/noisy_controller.dir/src/noisy_controller.cpp.o[0m
[2.410s] [ 50%] Built target ament_cmake_python_copy_bumperbot_controller
[3.089s] running egg_info
[3.089s] creating bumperbot_controller.egg-info
[3.089s] writing bumperbot_controller.egg-info/PKG-INFO
[3.089s] writing dependency_links to bumperbot_controller.egg-info/dependency_links.txt
[3.089s] writing top-level names to bumperbot_controller.egg-info/top_level.txt
[3.089s] writing manifest file 'bumperbot_controller.egg-info/SOURCES.txt'
[3.093s] reading manifest file 'bumperbot_controller.egg-info/SOURCES.txt'
[3.094s] writing manifest file 'bumperbot_controller.egg-info/SOURCES.txt'
[3.153s] [ 50%] Built target ament_cmake_python_build_bumperbot_controller_egg
