[0.011s] Invoking command in '/home/gopal/bumperbot_ws/build/bumperbot_controller': CMAKE_PREFIX_PATH=/opt/ros/humble /usr/bin/cmake --build /home/gopal/bumperbot_ws/build/bumperbot_controller -- -j8 -l8
[0.146s] [35m[1mConsolidate compiler generated dependencies of target noisy_controller[0m
[0.149s] [35m[1mConsolidate compiler generated dependencies of target twist_relay[0m
[0.149s] [35m[1mConsolidate compiler generated dependencies of target simple_controller[0m
[0.191s] [  0%] Built target ament_cmake_python_copy_bumperbot_controller
[0.226s] [ 33%] Built target noisy_controller
[0.227s] [ 66%] Built target simple_controller
[0.256s] [100%] Built target twist_relay
[0.547s] running egg_info
[0.549s] writing bumperbot_controller.egg-info/PKG-INFO
[0.550s] writing dependency_links to bumperbot_controller.egg-info/dependency_links.txt
[0.550s] writing top-level names to bumperbot_controller.egg-info/top_level.txt
[0.558s] reading manifest file 'bumperbot_controller.egg-info/SOURCES.txt'
[0.558s] writing manifest file 'bumperbot_controller.egg-info/SOURCES.txt'
[0.619s] [100%] Built target ament_cmake_python_build_bumperbot_controller_egg
[0.643s] Invoked command in '/home/gopal/bumperbot_ws/build/bumperbot_controller' returned '0': CMAKE_PREFIX_PATH=/opt/ros/humble /usr/bin/cmake --build /home/gopal/bumperbot_ws/build/bumperbot_controller -- -j8 -l8
[0.668s] Invoking command in '/home/gopal/bumperbot_ws/build/bumperbot_controller': CMAKE_PREFIX_PATH=/opt/ros/humble /usr/bin/cmake --install /home/gopal/bumperbot_ws/build/bumperbot_controller
[0.684s] -- Install configuration: ""
[0.684s] -- Up-to-date: /home/gopal/bumperbot_ws/install/bumperbot_controller/share/bumperbot_controller/environment/pythonpath.sh
[0.685s] -- Up-to-date: /home/gopal/bumperbot_ws/install/bumperbot_controller/share/bumperbot_controller/environment/pythonpath.dsv
[0.685s] -- Up-to-date: /home/gopal/bumperbot_ws/install/bumperbot_controller/local/lib/python3.10/dist-packages/bumperbot_controller-0.0.0-py3.10.egg-info
[0.685s] -- Installing: /home/gopal/bumperbot_ws/install/bumperbot_controller/local/lib/python3.10/dist-packages/bumperbot_controller-0.0.0-py3.10.egg-info/top_level.txt
[0.686s] -- Installing: /home/gopal/bumperbot_ws/install/bumperbot_controller/local/lib/python3.10/dist-packages/bumperbot_controller-0.0.0-py3.10.egg-info/dependency_links.txt
[0.686s] -- Installing: /home/gopal/bumperbot_ws/install/bumperbot_controller/local/lib/python3.10/dist-packages/bumperbot_controller-0.0.0-py3.10.egg-info/SOURCES.txt
[0.686s] -- Installing: /home/gopal/bumperbot_ws/install/bumperbot_controller/local/lib/python3.10/dist-packages/bumperbot_controller-0.0.0-py3.10.egg-info/PKG-INFO
[0.686s] -- Up-to-date: /home/gopal/bumperbot_ws/install/bumperbot_controller/local/lib/python3.10/dist-packages/bumperbot_controller
[0.687s] -- Up-to-date: /home/gopal/bumperbot_ws/install/bumperbot_controller/local/lib/python3.10/dist-packages/bumperbot_controller/noisy_controller.py
[0.687s] -- Up-to-date: /home/gopal/bumperbot_ws/install/bumperbot_controller/local/lib/python3.10/dist-packages/bumperbot_controller/twist_relay.py
[0.687s] -- Up-to-date: /home/gopal/bumperbot_ws/install/bumperbot_controller/local/lib/python3.10/dist-packages/bumperbot_controller/simple_controller.py
[0.687s] -- Up-to-date: /home/gopal/bumperbot_ws/install/bumperbot_controller/local/lib/python3.10/dist-packages/bumperbot_controller/__init__.py
[0.735s] Listing '/home/gopal/bumperbot_ws/install/bumperbot_controller/local/lib/python3.10/dist-packages/bumperbot_controller'...
[0.747s] -- Up-to-date: /home/gopal/bumperbot_ws/install/bumperbot_controller/include/include
[0.747s] -- Up-to-date: /home/gopal/bumperbot_ws/install/bumperbot_controller/include/include/bumperbot_controller
[0.747s] -- Up-to-date: /home/gopal/bumperbot_ws/install/bumperbot_controller/include/include/bumperbot_controller/noisy_controller.hpp
[0.747s] -- Up-to-date: /home/gopal/bumperbot_ws/install/bumperbot_controller/include/include/bumperbot_controller/simple_controller.hpp
[0.747s] -- Up-to-date: /home/gopal/bumperbot_ws/install/bumperbot_controller/lib/bumperbot_controller/simple_controller
[0.748s] -- Up-to-date: /home/gopal/bumperbot_ws/install/bumperbot_controller/lib/bumperbot_controller/noisy_controller
[0.748s] -- Up-to-date: /home/gopal/bumperbot_ws/install/bumperbot_controller/lib/bumperbot_controller/twist_relay
[0.748s] -- Up-to-date: /home/gopal/bumperbot_ws/install/bumperbot_controller/share/bumperbot_controller/launch
[0.749s] -- Up-to-date: /home/gopal/bumperbot_ws/install/bumperbot_controller/share/bumperbot_controller/launch/joystick_teleop.launch.py
[0.749s] -- Up-to-date: /home/gopal/bumperbot_ws/install/bumperbot_controller/share/bumperbot_controller/launch/controller.launch.py
[0.749s] -- Up-to-date: /home/gopal/bumperbot_ws/install/bumperbot_controller/share/bumperbot_controller/config
[0.749s] -- Up-to-date: /home/gopal/bumperbot_ws/install/bumperbot_controller/share/bumperbot_controller/config/joy_teleop.yaml
[0.749s] -- Up-to-date: /home/gopal/bumperbot_ws/install/bumperbot_controller/share/bumperbot_controller/config/twist_mux_topics.yaml
[0.749s] -- Up-to-date: /home/gopal/bumperbot_ws/install/bumperbot_controller/share/bumperbot_controller/config/bumperbot_controllers.yaml
[0.750s] -- Up-to-date: /home/gopal/bumperbot_ws/install/bumperbot_controller/share/bumperbot_controller/config/joy_config.yaml
[0.750s] -- Up-to-date: /home/gopal/bumperbot_ws/install/bumperbot_controller/share/bumperbot_controller/config/twist_mux_locks.yaml
[0.750s] -- Up-to-date: /home/gopal/bumperbot_ws/install/bumperbot_controller/share/bumperbot_controller/config/twist_mux_joy.yaml
[0.750s] -- Up-to-date: /home/gopal/bumperbot_ws/install/bumperbot_controller/lib/bumperbot_controller/simple_controller.py
[0.750s] -- Up-to-date: /home/gopal/bumperbot_ws/install/bumperbot_controller/lib/bumperbot_controller/noisy_controller.py
[0.750s] -- Up-to-date: /home/gopal/bumperbot_ws/install/bumperbot_controller/lib/bumperbot_controller/twist_relay.py
[0.750s] -- Up-to-date: /home/gopal/bumperbot_ws/install/bumperbot_controller/share/ament_index/resource_index/package_run_dependencies/bumperbot_controller
[0.750s] -- Up-to-date: /home/gopal/bumperbot_ws/install/bumperbot_controller/share/ament_index/resource_index/parent_prefix_path/bumperbot_controller
[0.750s] -- Up-to-date: /home/gopal/bumperbot_ws/install/bumperbot_controller/share/bumperbot_controller/environment/ament_prefix_path.sh
[0.751s] -- Up-to-date: /home/gopal/bumperbot_ws/install/bumperbot_controller/share/bumperbot_controller/environment/ament_prefix_path.dsv
[0.751s] -- Up-to-date: /home/gopal/bumperbot_ws/install/bumperbot_controller/share/bumperbot_controller/environment/path.sh
[0.751s] -- Up-to-date: /home/gopal/bumperbot_ws/install/bumperbot_controller/share/bumperbot_controller/environment/path.dsv
[0.752s] -- Up-to-date: /home/gopal/bumperbot_ws/install/bumperbot_controller/share/bumperbot_controller/local_setup.bash
[0.752s] -- Up-to-date: /home/gopal/bumperbot_ws/install/bumperbot_controller/share/bumperbot_controller/local_setup.sh
[0.752s] -- Up-to-date: /home/gopal/bumperbot_ws/install/bumperbot_controller/share/bumperbot_controller/local_setup.zsh
[0.752s] -- Up-to-date: /home/gopal/bumperbot_ws/install/bumperbot_controller/share/bumperbot_controller/local_setup.dsv
[0.752s] -- Installing: /home/gopal/bumperbot_ws/install/bumperbot_controller/share/bumperbot_controller/package.dsv
[0.752s] -- Up-to-date: /home/gopal/bumperbot_ws/install/bumperbot_controller/share/ament_index/resource_index/packages/bumperbot_controller
[0.752s] -- Up-to-date: /home/gopal/bumperbot_ws/install/bumperbot_controller/share/bumperbot_controller/cmake/bumperbot_controllerConfig.cmake
[0.752s] -- Up-to-date: /home/gopal/bumperbot_ws/install/bumperbot_controller/share/bumperbot_controller/cmake/bumperbot_controllerConfig-version.cmake
[0.753s] -- Up-to-date: /home/gopal/bumperbot_ws/install/bumperbot_controller/share/bumperbot_controller/package.xml
[0.756s] Invoked command in '/home/gopal/bumperbot_ws/build/bumperbot_controller' returned '0': CMAKE_PREFIX_PATH=/opt/ros/humble /usr/bin/cmake --install /home/gopal/bumperbot_ws/build/bumperbot_controller
