[0.026s] Invoking command in '/home/gopal/bumperbot_ws/build/bumperbot_motion': CMAKE_PREFIX_PATH=/opt/ros/humble /usr/bin/cmake /home/gopal/bumperbot_ws/src/bumperbot_motion -DCMAKE_INSTALL_PREFIX=/home/gopal/bumperbot_ws/install/bumperbot_motion
[1.899s] -- The C compiler identification is GNU 11.4.0
[1.899s] -- The CXX compiler identification is GNU 11.4.0
[1.899s] -- Detecting C compiler ABI info
[1.900s] -- Detecting C compiler ABI info - done
[1.900s] -- Check for working C compiler: /usr/bin/cc - skipped
[1.900s] -- Detecting C compile features
[1.900s] -- Detecting C compile features - done
[1.900s] -- Detecting CXX compiler ABI info
[1.900s] -- Detecting CXX compiler ABI info - done
[1.900s] -- Check for working CXX compiler: /usr/bin/c++ - skipped
[1.900s] -- Detecting CXX compile features
[1.900s] -- Detecting CXX compile features - done
[1.900s] -- Found ament_cmake: 1.3.12 (/opt/ros/humble/share/ament_cmake/cmake)
[1.900s] -- Found Python3: /usr/bin/python3 (found version "3.10.12") found components: Interpreter 
[1.900s] -- Found rclcpp: 16.0.14 (/opt/ros/humble/share/rclcpp/cmake)
[1.900s] -- Found rosidl_generator_c: 3.1.7 (/opt/ros/humble/share/rosidl_generator_c/cmake)
[1.900s] -- Found rosidl_adapter: 3.1.7 (/opt/ros/humble/share/rosidl_adapter/cmake)
[1.901s] -- Found rosidl_generator_cpp: 3.1.7 (/opt/ros/humble/share/rosidl_generator_cpp/cmake)
[1.901s] -- Using all available rosidl_typesupport_c: rosidl_typesupport_fastrtps_c;rosidl_typesupport_introspection_c
[1.901s] -- Using all available rosidl_typesupport_cpp: rosidl_typesupport_fastrtps_cpp;rosidl_typesupport_introspection_cpp
[1.901s] -- Found rmw_implementation_cmake: 6.1.2 (/opt/ros/humble/share/rmw_implementation_cmake/cmake)
[1.901s] -- Found rmw_cyclonedds_cpp: 1.3.4 (/opt/ros/humble/share/rmw_cyclonedds_cpp/cmake)
[1.901s] -- Using RMW implementation 'rmw_cyclonedds_cpp' as default
[1.901s] -- Looking for pthread.h
[1.901s] -- Looking for pthread.h - found
[1.901s] -- Performing Test CMAKE_HAVE_LIBC_PTHREAD
[1.901s] -- Performing Test CMAKE_HAVE_LIBC_PTHREAD - Success
[1.901s] -- Found Threads: TRUE  
[1.901s] -- Found rclpy: 3.3.17 (/opt/ros/humble/share/rclpy/cmake)
[1.901s] -- Found nav_msgs: 4.9.0 (/opt/ros/humble/share/nav_msgs/cmake)
[1.902s] -- Found tf2: 0.25.15 (/opt/ros/humble/share/tf2/cmake)
[1.902s] -- Found tf2_ros: 0.25.15 (/opt/ros/humble/share/tf2_ros/cmake)
[1.902s] -- Found tf2_geometry_msgs: 0.25.15 (/opt/ros/humble/share/tf2_geometry_msgs/cmake)
[1.902s] -- Found eigen3_cmake_module: 0.1.1 (/opt/ros/humble/share/eigen3_cmake_module/cmake)
[1.902s] -- Found Eigen3: TRUE (found version "3.4.0") 
[1.902s] -- Ensuring Eigen3 include directory is part of orocos-kdl CMake target
[1.906s] -- Found nav2_core: 1.1.18 (/opt/ros/humble/share/nav2_core/cmake)
[3.129s] -- Configuring done
[3.592s] -- Generating done
[3.663s] -- Build files have been written to: /home/gopal/bumperbot_ws/build/bumperbot_motion
[3.740s] Invoked command in '/home/gopal/bumperbot_ws/build/bumperbot_motion' returned '0': CMAKE_PREFIX_PATH=/opt/ros/humble /usr/bin/cmake /home/gopal/bumperbot_ws/src/bumperbot_motion -DCMAKE_INSTALL_PREFIX=/home/gopal/bumperbot_ws/install/bumperbot_motion
[3.741s] Invoking command in '/home/gopal/bumperbot_ws/build/bumperbot_motion': CMAKE_PREFIX_PATH=/opt/ros/humble /usr/bin/cmake --build /home/gopal/bumperbot_ws/build/bumperbot_motion -- -j8 -l8
[3.925s] [ 25%] [32mBuilding CXX object CMakeFiles/pd_motion_planner.dir/src/pd_motion_planner.cpp.o[0m
[3.946s] [ 25%] Built target ament_cmake_python_copy_bumperbot_motion
[3.947s] [ 50%] [32mBuilding CXX object CMakeFiles/pure_pursuit.dir/src/pure_pursuit.cpp.o[0m
[4.549s] running egg_info
[4.551s] creating bumperbot_motion.egg-info
[4.552s] writing bumperbot_motion.egg-info/PKG-INFO
[4.552s] writing dependency_links to bumperbot_motion.egg-info/dependency_links.txt
[4.552s] writing top-level names to bumperbot_motion.egg-info/top_level.txt
[4.553s] writing manifest file 'bumperbot_motion.egg-info/SOURCES.txt'
[4.562s] reading manifest file 'bumperbot_motion.egg-info/SOURCES.txt'
[4.563s] writing manifest file 'bumperbot_motion.egg-info/SOURCES.txt'
[4.660s] [ 50%] Built target ament_cmake_python_build_bumperbot_motion_egg
