[0.005s] Invoking command in '/home/gopal/bumperbot_ws/build/bumperbot_firmware': CMAKE_PREFIX_PATH=/opt/ros/humble /usr/bin/cmake --build /home/gopal/bumperbot_ws/build/bumperbot_firmware -- -j8 -l8
[0.084s] [35m[1mConsolidate compiler generated dependencies of target bumperbot_firmware[0m
[0.084s] [35m[1mConsolidate compiler generated dependencies of target simple_serial_transmitter[0m
[0.086s] [35m[1mConsolidate compiler generated dependencies of target simple_serial_receiver[0m
[0.101s] [ 33%] Built target simple_serial_transmitter
[0.103s] [ 66%] Built target bumperbot_firmware
[0.104s] [100%] Built target simple_serial_receiver
[0.105s] [100%] Built target ament_cmake_python_copy_bumperbot_firmware
[0.345s] running egg_info
[0.346s] writing bumperbot_firmware.egg-info/PKG-INFO
[0.346s] writing dependency_links to bumperbot_firmware.egg-info/dependency_links.txt
[0.346s] writing top-level names to bumperbot_firmware.egg-info/top_level.txt
[0.349s] reading manifest file 'bumperbot_firmware.egg-info/SOURCES.txt'
[0.357s] writing manifest file 'bumperbot_firmware.egg-info/SOURCES.txt'
[0.399s] [100%] Built target ament_cmake_python_build_bumperbot_firmware_egg
[0.408s] Invoked command in '/home/gopal/bumperbot_ws/build/bumperbot_firmware' returned '0': CMAKE_PREFIX_PATH=/opt/ros/humble /usr/bin/cmake --build /home/gopal/bumperbot_ws/build/bumperbot_firmware -- -j8 -l8
[0.409s] Invoking command in '/home/gopal/bumperbot_ws/build/bumperbot_firmware': CMAKE_PREFIX_PATH=/opt/ros/humble /usr/bin/cmake --install /home/gopal/bumperbot_ws/build/bumperbot_firmware
[0.415s] -- Install configuration: ""
[0.416s] -- Up-to-date: /home/gopal/bumperbot_ws/install/bumperbot_firmware/share/bumperbot_firmware/environment/pythonpath.sh
[0.416s] -- Up-to-date: /home/gopal/bumperbot_ws/install/bumperbot_firmware/share/bumperbot_firmware/environment/pythonpath.dsv
[0.416s] -- Up-to-date: /home/gopal/bumperbot_ws/install/bumperbot_firmware/local/lib/python3.10/dist-packages/bumperbot_firmware-0.0.0-py3.10.egg-info
[0.416s] -- Installing: /home/gopal/bumperbot_ws/install/bumperbot_firmware/local/lib/python3.10/dist-packages/bumperbot_firmware-0.0.0-py3.10.egg-info/top_level.txt
[0.416s] -- Installing: /home/gopal/bumperbot_ws/install/bumperbot_firmware/local/lib/python3.10/dist-packages/bumperbot_firmware-0.0.0-py3.10.egg-info/dependency_links.txt
[0.416s] -- Installing: /home/gopal/bumperbot_ws/install/bumperbot_firmware/local/lib/python3.10/dist-packages/bumperbot_firmware-0.0.0-py3.10.egg-info/SOURCES.txt
[0.416s] -- Installing: /home/gopal/bumperbot_ws/install/bumperbot_firmware/local/lib/python3.10/dist-packages/bumperbot_firmware-0.0.0-py3.10.egg-info/PKG-INFO
[0.416s] -- Up-to-date: /home/gopal/bumperbot_ws/install/bumperbot_firmware/local/lib/python3.10/dist-packages/bumperbot_firmware
[0.416s] -- Up-to-date: /home/gopal/bumperbot_ws/install/bumperbot_firmware/local/lib/python3.10/dist-packages/bumperbot_firmware/mpu6050_driver.py
[0.417s] -- Up-to-date: /home/gopal/bumperbot_ws/install/bumperbot_firmware/local/lib/python3.10/dist-packages/bumperbot_firmware/__init__.py
[0.417s] -- Up-to-date: /home/gopal/bumperbot_ws/install/bumperbot_firmware/local/lib/python3.10/dist-packages/bumperbot_firmware/simple_serial_receiver.py
[0.417s] -- Up-to-date: /home/gopal/bumperbot_ws/install/bumperbot_firmware/local/lib/python3.10/dist-packages/bumperbot_firmware/simple_serial_transmitter.py
[0.452s] Listing '/home/gopal/bumperbot_ws/install/bumperbot_firmware/local/lib/python3.10/dist-packages/bumperbot_firmware'...
[0.456s] -- Up-to-date: /home/gopal/bumperbot_ws/install/bumperbot_firmware/share/bumperbot_firmware/bumperbot_interface.xml
[0.457s] -- Up-to-date: /home/gopal/bumperbot_ws/install/bumperbot_firmware/lib/libbumperbot_firmware.so
[0.457s] -- Up-to-date: /home/gopal/bumperbot_ws/install/bumperbot_firmware/include/include
[0.457s] -- Up-to-date: /home/gopal/bumperbot_ws/install/bumperbot_firmware/include/include/bumperbot_firmware
[0.457s] -- Up-to-date: /home/gopal/bumperbot_ws/install/bumperbot_firmware/include/include/bumperbot_firmware/bumperbot_interface.hpp
[0.457s] -- Up-to-date: /home/gopal/bumperbot_ws/install/bumperbot_firmware/share/bumperbot_firmware/launch
[0.457s] -- Up-to-date: /home/gopal/bumperbot_ws/install/bumperbot_firmware/share/bumperbot_firmware/launch/hardware_interface.launch.py
[0.457s] -- Up-to-date: /home/gopal/bumperbot_ws/install/bumperbot_firmware/lib/bumperbot_firmware/simple_serial_transmitter.py
[0.457s] -- Up-to-date: /home/gopal/bumperbot_ws/install/bumperbot_firmware/lib/bumperbot_firmware/simple_serial_receiver.py
[0.458s] -- Up-to-date: /home/gopal/bumperbot_ws/install/bumperbot_firmware/lib/bumperbot_firmware/mpu6050_driver.py
[0.458s] -- Up-to-date: /home/gopal/bumperbot_ws/install/bumperbot_firmware/lib/bumperbot_firmware/simple_serial_receiver
[0.458s] -- Up-to-date: /home/gopal/bumperbot_ws/install/bumperbot_firmware/lib/bumperbot_firmware/simple_serial_transmitter
[0.459s] -- Up-to-date: /home/gopal/bumperbot_ws/install/bumperbot_firmware/share/bumperbot_firmware/environment/library_path.sh
[0.459s] -- Up-to-date: /home/gopal/bumperbot_ws/install/bumperbot_firmware/share/bumperbot_firmware/environment/library_path.dsv
[0.459s] -- Up-to-date: /home/gopal/bumperbot_ws/install/bumperbot_firmware/share/ament_index/resource_index/package_run_dependencies/bumperbot_firmware
[0.459s] -- Up-to-date: /home/gopal/bumperbot_ws/install/bumperbot_firmware/share/ament_index/resource_index/parent_prefix_path/bumperbot_firmware
[0.459s] -- Up-to-date: /home/gopal/bumperbot_ws/install/bumperbot_firmware/share/bumperbot_firmware/environment/ament_prefix_path.sh
[0.459s] -- Up-to-date: /home/gopal/bumperbot_ws/install/bumperbot_firmware/share/bumperbot_firmware/environment/ament_prefix_path.dsv
[0.459s] -- Up-to-date: /home/gopal/bumperbot_ws/install/bumperbot_firmware/share/bumperbot_firmware/environment/path.sh
[0.459s] -- Up-to-date: /home/gopal/bumperbot_ws/install/bumperbot_firmware/share/bumperbot_firmware/environment/path.dsv
[0.459s] -- Up-to-date: /home/gopal/bumperbot_ws/install/bumperbot_firmware/share/bumperbot_firmware/local_setup.bash
[0.460s] -- Up-to-date: /home/gopal/bumperbot_ws/install/bumperbot_firmware/share/bumperbot_firmware/local_setup.sh
[0.460s] -- Up-to-date: /home/gopal/bumperbot_ws/install/bumperbot_firmware/share/bumperbot_firmware/local_setup.zsh
[0.460s] -- Up-to-date: /home/gopal/bumperbot_ws/install/bumperbot_firmware/share/bumperbot_firmware/local_setup.dsv
[0.460s] -- Installing: /home/gopal/bumperbot_ws/install/bumperbot_firmware/share/bumperbot_firmware/package.dsv
[0.460s] -- Up-to-date: /home/gopal/bumperbot_ws/install/bumperbot_firmware/share/ament_index/resource_index/packages/bumperbot_firmware
[0.460s] -- Up-to-date: /home/gopal/bumperbot_ws/install/bumperbot_firmware/share/ament_index/resource_index/hardware_interface__pluginlib__plugin/bumperbot_firmware
[0.460s] -- Up-to-date: /home/gopal/bumperbot_ws/install/bumperbot_firmware/share/bumperbot_firmware/cmake/ament_cmake_export_include_directories-extras.cmake
[0.460s] -- Up-to-date: /home/gopal/bumperbot_ws/install/bumperbot_firmware/share/bumperbot_firmware/cmake/ament_cmake_export_libraries-extras.cmake
[0.460s] -- Up-to-date: /home/gopal/bumperbot_ws/install/bumperbot_firmware/share/bumperbot_firmware/cmake/ament_cmake_export_dependencies-extras.cmake
[0.460s] -- Up-to-date: /home/gopal/bumperbot_ws/install/bumperbot_firmware/share/bumperbot_firmware/cmake/bumperbot_firmwareConfig.cmake
[0.460s] -- Up-to-date: /home/gopal/bumperbot_ws/install/bumperbot_firmware/share/bumperbot_firmware/cmake/bumperbot_firmwareConfig-version.cmake
[0.461s] -- Up-to-date: /home/gopal/bumperbot_ws/install/bumperbot_firmware/share/bumperbot_firmware/package.xml
[0.463s] Invoked command in '/home/gopal/bumperbot_ws/build/bumperbot_firmware' returned '0': CMAKE_PREFIX_PATH=/opt/ros/humble /usr/bin/cmake --install /home/gopal/bumperbot_ws/build/bumperbot_firmware
