[0.026s] Invoking command in '/home/gopal/bumperbot_ws/build/bumperbot_planning': CMAKE_PREFIX_PATH=/opt/ros/humble /usr/bin/cmake /home/gopal/bumperbot_ws/src/bumperbot_planning -DCMAKE_INSTALL_PREFIX=/home/gopal/bumperbot_ws/install/bumperbot_planning
[1.367s] -- The C compiler identification is GNU 11.4.0
[1.367s] -- The CXX compiler identification is GNU 11.4.0
[1.367s] -- Detecting C compiler ABI info
[1.367s] -- Detecting C compiler ABI info - done
[1.367s] -- Check for working C compiler: /usr/bin/cc - skipped
[1.367s] -- Detecting C compile features
[1.367s] -- Detecting C compile features - done
[1.368s] -- Detecting CXX compiler ABI info
[1.368s] -- Detecting CXX compiler ABI info - done
[1.368s] -- Check for working CXX compiler: /usr/bin/c++ - skipped
[1.368s] -- Detecting CXX compile features
[1.368s] -- Detecting CXX compile features - done
[1.368s] -- Found ament_cmake: 1.3.12 (/opt/ros/humble/share/ament_cmake/cmake)
[1.368s] -- Found Python3: /usr/bin/python3 (found version "3.10.12") found components: Interpreter 
[1.369s] -- Found rclcpp: 16.0.14 (/opt/ros/humble/share/rclcpp/cmake)
[1.372s] -- Found rosidl_generator_c: 3.1.7 (/opt/ros/humble/share/rosidl_generator_c/cmake)
[1.373s] -- Found rosidl_adapter: 3.1.7 (/opt/ros/humble/share/rosidl_adapter/cmake)
[1.373s] -- Found rosidl_generator_cpp: 3.1.7 (/opt/ros/humble/share/rosidl_generator_cpp/cmake)
[1.373s] -- Using all available rosidl_typesupport_c: rosidl_typesupport_fastrtps_c;rosidl_typesupport_introspection_c
[1.373s] -- Using all available rosidl_typesupport_cpp: rosidl_typesupport_fastrtps_cpp;rosidl_typesupport_introspection_cpp
[1.373s] -- Found rmw_implementation_cmake: 6.1.2 (/opt/ros/humble/share/rmw_implementation_cmake/cmake)
[1.373s] -- Found rmw_cyclonedds_cpp: 1.3.4 (/opt/ros/humble/share/rmw_cyclonedds_cpp/cmake)
[1.373s] -- Using RMW implementation 'rmw_cyclonedds_cpp' as default
[1.373s] -- Looking for pthread.h
[1.373s] -- Looking for pthread.h - found
[1.373s] -- Performing Test CMAKE_HAVE_LIBC_PTHREAD
[1.470s] -- Performing Test CMAKE_HAVE_LIBC_PTHREAD - Success
[1.470s] -- Found Threads: TRUE  
[1.556s] -- Found rclcpp_action: 16.0.14 (/opt/ros/humble/share/rclcpp_action/cmake)
[1.607s] -- Found rclpy: 3.3.17 (/opt/ros/humble/share/rclpy/cmake)
[1.612s] -- Found nav_msgs: 4.9.0 (/opt/ros/humble/share/nav_msgs/cmake)
[1.658s] -- Found tf2_ros: 0.25.15 (/opt/ros/humble/share/tf2_ros/cmake)
[1.758s] -- Found nav2_core: 1.1.18 (/opt/ros/humble/share/nav2_core/cmake)
[1.992s] -- Found Eigen3: TRUE (found version "3.4.0") 
[1.995s] -- Ensuring Eigen3 include directory is part of orocos-kdl CMake target
[3.232s] -- Configuring done
[3.657s] -- Generating done
[3.705s] -- Build files have been written to: /home/gopal/bumperbot_ws/build/bumperbot_planning
[3.758s] Invoked command in '/home/gopal/bumperbot_ws/build/bumperbot_planning' returned '0': CMAKE_PREFIX_PATH=/opt/ros/humble /usr/bin/cmake /home/gopal/bumperbot_ws/src/bumperbot_planning -DCMAKE_INSTALL_PREFIX=/home/gopal/bumperbot_ws/install/bumperbot_planning
[3.758s] Invoking command in '/home/gopal/bumperbot_ws/build/bumperbot_planning': CMAKE_PREFIX_PATH=/opt/ros/humble /usr/bin/cmake --build /home/gopal/bumperbot_ws/build/bumperbot_planning -- -j8 -l8
[4.233s] [ 25%] [32mBuilding CXX object CMakeFiles/dijkstra_planner.dir/src/dijkstra_planner.cpp.o[0m
[4.233s] [ 25%] Built target ament_cmake_python_copy_bumperbot_planning
[4.233s] [ 50%] [32mBuilding CXX object CMakeFiles/a_star_planner.dir/src/a_star_planner.cpp.o[0m
[4.730s] running egg_info
[4.731s] creating bumperbot_planning.egg-info
[4.732s] writing bumperbot_planning.egg-info/PKG-INFO
[4.732s] writing dependency_links to bumperbot_planning.egg-info/dependency_links.txt
[4.732s] writing top-level names to bumperbot_planning.egg-info/top_level.txt
[4.732s] writing manifest file 'bumperbot_planning.egg-info/SOURCES.txt'
[4.737s] reading manifest file 'bumperbot_planning.egg-info/SOURCES.txt'
[4.738s] writing manifest file 'bumperbot_planning.egg-info/SOURCES.txt'
[4.809s] [ 50%] Built target ament_cmake_python_build_bumperbot_planning_egg
