[0.006s] Invoking command in '/home/gopal/bumperbot_ws/build/bumperbot_firmware': CMAKE_PREFIX_PATH=/opt/ros/humble /usr/bin/cmake --build /home/gopal/bumperbot_ws/build/bumperbot_firmware -- -j8 -l8
[0.048s] [ 50%] [32mBuilding CXX object CMakeFiles/simple_serial_receiver.dir/src/simple_serial_receiver.cpp.o[0m
[0.048s] [ 50%] [32mBuilding CXX object CMakeFiles/bumperbot_firmware.dir/src/bumperbot_interface.cpp.o[0m
[0.048s] [ 33%] [32mBuilding CXX object CMakeFiles/simple_serial_transmitter.dir/src/simple_serial_transmitter.cpp.o[0m
[0.054s] [ 50%] Built target ament_cmake_python_copy_bumperbot_firmware
[0.272s] running egg_info
[0.272s] writing bumperbot_firmware.egg-info/PKG-INFO
[0.272s] writing dependency_links to bumperbot_firmware.egg-info/dependency_links.txt
[0.272s] writing top-level names to bumperbot_firmware.egg-info/top_level.txt
[0.275s] reading manifest file 'bumperbot_firmware.egg-info/SOURCES.txt'
[0.276s] writing manifest file 'bumperbot_firmware.egg-info/SOURCES.txt'
[0.301s] [ 50%] Built target ament_cmake_python_build_bumperbot_firmware_egg
[3.053s] [ 66%] [32m[1mLinking CXX shared library libbumperbot_firmware.so[0m
[3.228s] [ 66%] Built target bumperbot_firmware
[3.677s] [ 83%] [32m[1mLinking CXX executable simple_serial_receiver[0m
[3.835s] [ 83%] Built target simple_serial_receiver
[6.669s] [100%] [32m[1mLinking CXX executable simple_serial_transmitter[0m
[6.945s] [100%] Built target simple_serial_transmitter
[6.953s] Invoked command in '/home/gopal/bumperbot_ws/build/bumperbot_firmware' returned '0': CMAKE_PREFIX_PATH=/opt/ros/humble /usr/bin/cmake --build /home/gopal/bumperbot_ws/build/bumperbot_firmware -- -j8 -l8
[6.954s] Invoking command in '/home/gopal/bumperbot_ws/build/bumperbot_firmware': CMAKE_PREFIX_PATH=/opt/ros/humble /usr/bin/cmake --install /home/gopal/bumperbot_ws/build/bumperbot_firmware
[6.959s] -- Install configuration: ""
[6.959s] -- Installing: /home/gopal/bumperbot_ws/install/bumperbot_firmware/share/bumperbot_firmware/environment/pythonpath.sh
[6.959s] -- Installing: /home/gopal/bumperbot_ws/install/bumperbot_firmware/share/bumperbot_firmware/environment/pythonpath.dsv
[6.960s] -- Installing: /home/gopal/bumperbot_ws/install/bumperbot_firmware/local/lib/python3.10/dist-packages/bumperbot_firmware-0.0.0-py3.10.egg-info
[6.960s] -- Installing: /home/gopal/bumperbot_ws/install/bumperbot_firmware/local/lib/python3.10/dist-packages/bumperbot_firmware-0.0.0-py3.10.egg-info/top_level.txt
[6.960s] -- Installing: /home/gopal/bumperbot_ws/install/bumperbot_firmware/local/lib/python3.10/dist-packages/bumperbot_firmware-0.0.0-py3.10.egg-info/dependency_links.txt
[6.960s] -- Installing: /home/gopal/bumperbot_ws/install/bumperbot_firmware/local/lib/python3.10/dist-packages/bumperbot_firmware-0.0.0-py3.10.egg-info/SOURCES.txt
[6.960s] -- Installing: /home/gopal/bumperbot_ws/install/bumperbot_firmware/local/lib/python3.10/dist-packages/bumperbot_firmware-0.0.0-py3.10.egg-info/PKG-INFO
[6.960s] -- Installing: /home/gopal/bumperbot_ws/install/bumperbot_firmware/local/lib/python3.10/dist-packages/bumperbot_firmware
[6.960s] -- Installing: /home/gopal/bumperbot_ws/install/bumperbot_firmware/local/lib/python3.10/dist-packages/bumperbot_firmware/mpu6050_driver.py
[6.960s] -- Installing: /home/gopal/bumperbot_ws/install/bumperbot_firmware/local/lib/python3.10/dist-packages/bumperbot_firmware/__init__.py
[6.960s] -- Installing: /home/gopal/bumperbot_ws/install/bumperbot_firmware/local/lib/python3.10/dist-packages/bumperbot_firmware/simple_serial_receiver.py
[6.960s] -- Installing: /home/gopal/bumperbot_ws/install/bumperbot_firmware/local/lib/python3.10/dist-packages/bumperbot_firmware/simple_serial_transmitter.py
[6.985s] Listing '/home/gopal/bumperbot_ws/install/bumperbot_firmware/local/lib/python3.10/dist-packages/bumperbot_firmware'...
[6.985s] Compiling '/home/gopal/bumperbot_ws/install/bumperbot_firmware/local/lib/python3.10/dist-packages/bumperbot_firmware/__init__.py'...
[6.985s] Compiling '/home/gopal/bumperbot_ws/install/bumperbot_firmware/local/lib/python3.10/dist-packages/bumperbot_firmware/mpu6050_driver.py'...
[6.985s] Compiling '/home/gopal/bumperbot_ws/install/bumperbot_firmware/local/lib/python3.10/dist-packages/bumperbot_firmware/simple_serial_receiver.py'...
[6.985s] Compiling '/home/gopal/bumperbot_ws/install/bumperbot_firmware/local/lib/python3.10/dist-packages/bumperbot_firmware/simple_serial_transmitter.py'...
[6.989s] -- Installing: /home/gopal/bumperbot_ws/install/bumperbot_firmware/share/bumperbot_firmware/bumperbot_interface.xml
[6.989s] -- Installing: /home/gopal/bumperbot_ws/install/bumperbot_firmware/lib/libbumperbot_firmware.so
[6.990s] -- Set runtime path of "/home/gopal/bumperbot_ws/install/bumperbot_firmware/lib/libbumperbot_firmware.so" to ""
[6.990s] -- Installing: /home/gopal/bumperbot_ws/install/bumperbot_firmware/include/include
[6.990s] -- Installing: /home/gopal/bumperbot_ws/install/bumperbot_firmware/include/include/bumperbot_firmware
[6.990s] -- Installing: /home/gopal/bumperbot_ws/install/bumperbot_firmware/include/include/bumperbot_firmware/bumperbot_interface.hpp
[6.990s] -- Installing: /home/gopal/bumperbot_ws/install/bumperbot_firmware/share/bumperbot_firmware/launch
[6.990s] -- Installing: /home/gopal/bumperbot_ws/install/bumperbot_firmware/share/bumperbot_firmware/launch/hardware_interface.launch.py
[6.990s] -- Installing: /home/gopal/bumperbot_ws/install/bumperbot_firmware/lib/bumperbot_firmware/simple_serial_transmitter.py
[6.990s] -- Installing: /home/gopal/bumperbot_ws/install/bumperbot_firmware/lib/bumperbot_firmware/simple_serial_receiver.py
[6.990s] -- Installing: /home/gopal/bumperbot_ws/install/bumperbot_firmware/lib/bumperbot_firmware/mpu6050_driver.py
[6.990s] -- Installing: /home/gopal/bumperbot_ws/install/bumperbot_firmware/lib/bumperbot_firmware/simple_serial_receiver
[6.991s] -- Set runtime path of "/home/gopal/bumperbot_ws/install/bumperbot_firmware/lib/bumperbot_firmware/simple_serial_receiver" to ""
[6.991s] -- Installing: /home/gopal/bumperbot_ws/install/bumperbot_firmware/lib/bumperbot_firmware/simple_serial_transmitter
[6.993s] -- Set runtime path of "/home/gopal/bumperbot_ws/install/bumperbot_firmware/lib/bumperbot_firmware/simple_serial_transmitter" to ""
[6.993s] -- Installing: /home/gopal/bumperbot_ws/install/bumperbot_firmware/share/bumperbot_firmware/environment/library_path.sh
[6.993s] -- Installing: /home/gopal/bumperbot_ws/install/bumperbot_firmware/share/bumperbot_firmware/environment/library_path.dsv
[6.993s] -- Installing: /home/gopal/bumperbot_ws/install/bumperbot_firmware/share/ament_index/resource_index/package_run_dependencies/bumperbot_firmware
[6.993s] -- Installing: /home/gopal/bumperbot_ws/install/bumperbot_firmware/share/ament_index/resource_index/parent_prefix_path/bumperbot_firmware
[6.994s] -- Installing: /home/gopal/bumperbot_ws/install/bumperbot_firmware/share/bumperbot_firmware/environment/ament_prefix_path.sh
[6.994s] -- Installing: /home/gopal/bumperbot_ws/install/bumperbot_firmware/share/bumperbot_firmware/environment/ament_prefix_path.dsv
[6.994s] -- Installing: /home/gopal/bumperbot_ws/install/bumperbot_firmware/share/bumperbot_firmware/environment/path.sh
[6.994s] -- Installing: /home/gopal/bumperbot_ws/install/bumperbot_firmware/share/bumperbot_firmware/environment/path.dsv
[6.994s] -- Installing: /home/gopal/bumperbot_ws/install/bumperbot_firmware/share/bumperbot_firmware/local_setup.bash
[6.994s] -- Installing: /home/gopal/bumperbot_ws/install/bumperbot_firmware/share/bumperbot_firmware/local_setup.sh
[6.994s] -- Installing: /home/gopal/bumperbot_ws/install/bumperbot_firmware/share/bumperbot_firmware/local_setup.zsh
[6.995s] -- Installing: /home/gopal/bumperbot_ws/install/bumperbot_firmware/share/bumperbot_firmware/local_setup.dsv
[6.995s] -- Installing: /home/gopal/bumperbot_ws/install/bumperbot_firmware/share/bumperbot_firmware/package.dsv
[6.995s] -- Installing: /home/gopal/bumperbot_ws/install/bumperbot_firmware/share/ament_index/resource_index/packages/bumperbot_firmware
[6.995s] -- Installing: /home/gopal/bumperbot_ws/install/bumperbot_firmware/share/ament_index/resource_index/hardware_interface__pluginlib__plugin/bumperbot_firmware
[6.995s] -- Installing: /home/gopal/bumperbot_ws/install/bumperbot_firmware/share/bumperbot_firmware/cmake/ament_cmake_export_include_directories-extras.cmake
[6.995s] -- Installing: /home/gopal/bumperbot_ws/install/bumperbot_firmware/share/bumperbot_firmware/cmake/ament_cmake_export_libraries-extras.cmake
[6.995s] -- Installing: /home/gopal/bumperbot_ws/install/bumperbot_firmware/share/bumperbot_firmware/cmake/ament_cmake_export_dependencies-extras.cmake
[6.995s] -- Installing: /home/gopal/bumperbot_ws/install/bumperbot_firmware/share/bumperbot_firmware/cmake/bumperbot_firmwareConfig.cmake
[6.996s] -- Installing: /home/gopal/bumperbot_ws/install/bumperbot_firmware/share/bumperbot_firmware/cmake/bumperbot_firmwareConfig-version.cmake
[6.996s] -- Installing: /home/gopal/bumperbot_ws/install/bumperbot_firmware/share/bumperbot_firmware/package.xml
[6.998s] Invoked command in '/home/gopal/bumperbot_ws/build/bumperbot_firmware' returned '0': CMAKE_PREFIX_PATH=/opt/ros/humble /usr/bin/cmake --install /home/gopal/bumperbot_ws/build/bumperbot_firmware
