[0.009s] Invoking command in '/home/gopal/bumperbot_ws/build/bumperbot_navigation': AMENT_PREFIX_PATH=/home/gopal/bumperbot_ws/install/bumperbot_planning:${AMENT_PREFIX_PATH} CMAKE_PREFIX_PATH=/home/gopal/bumperbot_ws/install/bumperbot_planning:/opt/ros/humble LD_LIBRARY_PATH=/home/gopal/bumperbot_ws/install/bumperbot_planning/lib:${LD_LIBRARY_PATH} PYTHONPATH=/home/gopal/bumperbot_ws/install/bumperbot_planning/local/lib/python3.10/dist-packages:${PYTHONPATH} /usr/bin/cmake /home/gopal/bumperbot_ws/src/bumperbot_navigation -DCMAKE_INSTALL_PREFIX=/home/gopal/bumperbot_ws/install/bumperbot_navigation
[0.118s] -- The C compiler identification is GNU 11.4.0
[0.182s] -- The CXX compiler identification is GNU 11.4.0
[0.188s] -- Detecting C compiler ABI info
[0.251s] -- Detecting C compiler ABI info - done
[0.259s] -- Check for working C compiler: /usr/bin/cc - skipped
[0.259s] -- Detecting C compile features
[0.259s] -- Detecting C compile features - done
[0.262s] -- Detecting CXX compiler ABI info
[0.333s] -- Detecting CXX compiler ABI info - done
[0.340s] -- Check for working CXX compiler: /usr/bin/c++ - skipped
[0.340s] -- Detecting CXX compile features
[0.340s] -- Detecting CXX compile features - done
[0.344s] -- Found ament_cmake: 1.3.12 (/opt/ros/humble/share/ament_cmake/cmake)
[0.545s] -- Found Python3: /usr/bin/python3 (found version "3.10.12") found components: Interpreter 
[0.746s] -- Configuring done
[0.748s] -- Generating done
[0.750s] -- Build files have been written to: /home/gopal/bumperbot_ws/build/bumperbot_navigation
[0.755s] Invoked command in '/home/gopal/bumperbot_ws/build/bumperbot_navigation' returned '0': AMENT_PREFIX_PATH=/home/gopal/bumperbot_ws/install/bumperbot_planning:${AMENT_PREFIX_PATH} CMAKE_PREFIX_PATH=/home/gopal/bumperbot_ws/install/bumperbot_planning:/opt/ros/humble LD_LIBRARY_PATH=/home/gopal/bumperbot_ws/install/bumperbot_planning/lib:${LD_LIBRARY_PATH} PYTHONPATH=/home/gopal/bumperbot_ws/install/bumperbot_planning/local/lib/python3.10/dist-packages:${PYTHONPATH} /usr/bin/cmake /home/gopal/bumperbot_ws/src/bumperbot_navigation -DCMAKE_INSTALL_PREFIX=/home/gopal/bumperbot_ws/install/bumperbot_navigation
[0.756s] Invoking command in '/home/gopal/bumperbot_ws/build/bumperbot_navigation': AMENT_PREFIX_PATH=/home/gopal/bumperbot_ws/install/bumperbot_planning:${AMENT_PREFIX_PATH} CMAKE_PREFIX_PATH=/home/gopal/bumperbot_ws/install/bumperbot_planning:/opt/ros/humble LD_LIBRARY_PATH=/home/gopal/bumperbot_ws/install/bumperbot_planning/lib:${LD_LIBRARY_PATH} PYTHONPATH=/home/gopal/bumperbot_ws/install/bumperbot_planning/local/lib/python3.10/dist-packages:${PYTHONPATH} /usr/bin/cmake --build /home/gopal/bumperbot_ws/build/bumperbot_navigation -- -j8 -l8
[0.797s] Invoked command in '/home/gopal/bumperbot_ws/build/bumperbot_navigation' returned '0': AMENT_PREFIX_PATH=/home/gopal/bumperbot_ws/install/bumperbot_planning:${AMENT_PREFIX_PATH} CMAKE_PREFIX_PATH=/home/gopal/bumperbot_ws/install/bumperbot_planning:/opt/ros/humble LD_LIBRARY_PATH=/home/gopal/bumperbot_ws/install/bumperbot_planning/lib:${LD_LIBRARY_PATH} PYTHONPATH=/home/gopal/bumperbot_ws/install/bumperbot_planning/local/lib/python3.10/dist-packages:${PYTHONPATH} /usr/bin/cmake --build /home/gopal/bumperbot_ws/build/bumperbot_navigation -- -j8 -l8
[0.798s] Invoking command in '/home/gopal/bumperbot_ws/build/bumperbot_navigation': AMENT_PREFIX_PATH=/home/gopal/bumperbot_ws/install/bumperbot_planning:${AMENT_PREFIX_PATH} CMAKE_PREFIX_PATH=/home/gopal/bumperbot_ws/install/bumperbot_planning:/opt/ros/humble LD_LIBRARY_PATH=/home/gopal/bumperbot_ws/install/bumperbot_planning/lib:${LD_LIBRARY_PATH} PYTHONPATH=/home/gopal/bumperbot_ws/install/bumperbot_planning/local/lib/python3.10/dist-packages:${PYTHONPATH} /usr/bin/cmake --install /home/gopal/bumperbot_ws/build/bumperbot_navigation
[0.805s] -- Install configuration: ""
[0.805s] -- Installing: /home/gopal/bumperbot_ws/install/bumperbot_navigation/share/bumperbot_navigation/behavior_tree
[0.805s] -- Installing: /home/gopal/bumperbot_ws/install/bumperbot_navigation/share/bumperbot_navigation/behavior_tree/simple_navigation_w_replanning.xml
[0.805s] -- Installing: /home/gopal/bumperbot_ws/install/bumperbot_navigation/share/bumperbot_navigation/behavior_tree/simple_navigation_w_replanning_and_recovery.xml
[0.806s] -- Installing: /home/gopal/bumperbot_ws/install/bumperbot_navigation/share/bumperbot_navigation/behavior_tree/simple_navigation.xml
[0.806s] -- Installing: /home/gopal/bumperbot_ws/install/bumperbot_navigation/share/bumperbot_navigation/config
[0.806s] -- Installing: /home/gopal/bumperbot_ws/install/bumperbot_navigation/share/bumperbot_navigation/config/smoother_server.yaml
[0.806s] -- Installing: /home/gopal/bumperbot_ws/install/bumperbot_navigation/share/bumperbot_navigation/config/costmap.yaml
[0.806s] -- Installing: /home/gopal/bumperbot_ws/install/bumperbot_navigation/share/bumperbot_navigation/config/bt_navigator.yaml
[0.806s] -- Installing: /home/gopal/bumperbot_ws/install/bumperbot_navigation/share/bumperbot_navigation/config/behavior_server.yaml
[0.806s] -- Installing: /home/gopal/bumperbot_ws/install/bumperbot_navigation/share/bumperbot_navigation/config/planner_server.yaml
[0.806s] -- Installing: /home/gopal/bumperbot_ws/install/bumperbot_navigation/share/bumperbot_navigation/config/controller_server.yaml
[0.807s] -- Installing: /home/gopal/bumperbot_ws/install/bumperbot_navigation/share/bumperbot_navigation/launch
[0.807s] -- Installing: /home/gopal/bumperbot_ws/install/bumperbot_navigation/share/bumperbot_navigation/launch/navigation.launch.py
[0.807s] -- Installing: /home/gopal/bumperbot_ws/install/bumperbot_navigation/share/ament_index/resource_index/package_run_dependencies/bumperbot_navigation
[0.807s] -- Installing: /home/gopal/bumperbot_ws/install/bumperbot_navigation/share/ament_index/resource_index/parent_prefix_path/bumperbot_navigation
[0.807s] -- Installing: /home/gopal/bumperbot_ws/install/bumperbot_navigation/share/bumperbot_navigation/environment/ament_prefix_path.sh
[0.807s] -- Installing: /home/gopal/bumperbot_ws/install/bumperbot_navigation/share/bumperbot_navigation/environment/ament_prefix_path.dsv
[0.808s] -- Installing: /home/gopal/bumperbot_ws/install/bumperbot_navigation/share/bumperbot_navigation/environment/path.sh
[0.808s] -- Installing: /home/gopal/bumperbot_ws/install/bumperbot_navigation/share/bumperbot_navigation/environment/path.dsv
[0.808s] -- Installing: /home/gopal/bumperbot_ws/install/bumperbot_navigation/share/bumperbot_navigation/local_setup.bash
[0.808s] -- Installing: /home/gopal/bumperbot_ws/install/bumperbot_navigation/share/bumperbot_navigation/local_setup.sh
[0.808s] -- Installing: /home/gopal/bumperbot_ws/install/bumperbot_navigation/share/bumperbot_navigation/local_setup.zsh
[0.808s] -- Installing: /home/gopal/bumperbot_ws/install/bumperbot_navigation/share/bumperbot_navigation/local_setup.dsv
[0.808s] -- Installing: /home/gopal/bumperbot_ws/install/bumperbot_navigation/share/bumperbot_navigation/package.dsv
[0.808s] -- Installing: /home/gopal/bumperbot_ws/install/bumperbot_navigation/share/ament_index/resource_index/packages/bumperbot_navigation
[0.808s] -- Installing: /home/gopal/bumperbot_ws/install/bumperbot_navigation/share/bumperbot_navigation/cmake/bumperbot_navigationConfig.cmake
[0.809s] -- Installing: /home/gopal/bumperbot_ws/install/bumperbot_navigation/share/bumperbot_navigation/cmake/bumperbot_navigationConfig-version.cmake
[0.809s] -- Installing: /home/gopal/bumperbot_ws/install/bumperbot_navigation/share/bumperbot_navigation/package.xml
[0.811s] Invoked command in '/home/gopal/bumperbot_ws/build/bumperbot_navigation' returned '0': AMENT_PREFIX_PATH=/home/gopal/bumperbot_ws/install/bumperbot_planning:${AMENT_PREFIX_PATH} CMAKE_PREFIX_PATH=/home/gopal/bumperbot_ws/install/bumperbot_planning:/opt/ros/humble LD_LIBRARY_PATH=/home/gopal/bumperbot_ws/install/bumperbot_planning/lib:${LD_LIBRARY_PATH} PYTHONPATH=/home/gopal/bumperbot_ws/install/bumperbot_planning/local/lib/python3.10/dist-packages:${PYTHONPATH} /usr/bin/cmake --install /home/gopal/bumperbot_ws/build/bumperbot_navigation
