[0.014s] Invoking command in '/home/gopal/bumperbot_ws/build/bumperbot_bringup': AMENT_PREFIX_PATH=/home/gopal/bumperbot_ws/install/bumperbot_mapping:/home/gopal/bumperbot_ws/install/bumperbot_localization:/home/gopal/bumperbot_ws/install/bumperbot_firmware:/home/gopal/bumperbot_ws/install/bumperbot_description:/home/gopal/bumperbot_ws/install/bumperbot_controller:${AMENT_PREFIX_PATH} CMAKE_PREFIX_PATH=/home/gopal/bumperbot_ws/install/bumperbot_mapping:/home/gopal/bumperbot_ws/install/bumperbot_localization:/home/gopal/bumperbot_ws/install/bumperbot_firmware:/home/gopal/bumperbot_ws/install/bumperbot_description:/home/gopal/bumperbot_ws/install/bumperbot_controller:/opt/ros/humble LD_LIBRARY_PATH=/home/gopal/bumperbot_ws/install/bumperbot_firmware/lib:${LD_LIBRARY_PATH} PATH=/home/gopal/bumperbot_ws/install/bumperbot_localization/bin:${PATH} PYTHONPATH=/home/gopal/bumperbot_ws/install/bumperbot_mapping/local/lib/python3.10/dist-packages:/home/gopal/bumperbot_ws/install/bumperbot_localization/local/lib/python3.10/dist-packages:/home/gopal/bumperbot_ws/install/bumperbot_firmware/local/lib/python3.10/dist-packages:/home/gopal/bumperbot_ws/install/bumperbot_controller/local/lib/python3.10/dist-packages:${PYTHONPATH} /usr/bin/cmake /home/gopal/bumperbot_ws/src/bumperbot_bringup -DCMAKE_INSTALL_PREFIX=/home/gopal/bumperbot_ws/install/bumperbot_bringup
[0.071s] -- The C compiler identification is GNU 11.4.0
[0.135s] -- The CXX compiler identification is GNU 11.4.0
[0.147s] -- Detecting C compiler ABI info
[0.223s] -- Detecting C compiler ABI info - done
[0.230s] -- Check for working C compiler: /usr/bin/cc - skipped
[0.230s] -- Detecting C compile features
[0.231s] -- Detecting C compile features - done
[0.234s] -- Detecting CXX compiler ABI info
[0.314s] -- Detecting CXX compiler ABI info - done
[0.320s] -- Check for working CXX compiler: /usr/bin/c++ - skipped
[0.320s] -- Detecting CXX compile features
[0.320s] -- Detecting CXX compile features - done
[0.330s] -- Found ament_cmake: 1.3.12 (/opt/ros/humble/share/ament_cmake/cmake)
[0.488s] -- Found Python3: /usr/bin/python3 (found version "3.10.12") found components: Interpreter 
[0.667s] -- Configuring done
[0.669s] -- Generating done
[0.671s] -- Build files have been written to: /home/gopal/bumperbot_ws/build/bumperbot_bringup
[0.678s] Invoked command in '/home/gopal/bumperbot_ws/build/bumperbot_bringup' returned '0': AMENT_PREFIX_PATH=/home/gopal/bumperbot_ws/install/bumperbot_mapping:/home/gopal/bumperbot_ws/install/bumperbot_localization:/home/gopal/bumperbot_ws/install/bumperbot_firmware:/home/gopal/bumperbot_ws/install/bumperbot_description:/home/gopal/bumperbot_ws/install/bumperbot_controller:${AMENT_PREFIX_PATH} CMAKE_PREFIX_PATH=/home/gopal/bumperbot_ws/install/bumperbot_mapping:/home/gopal/bumperbot_ws/install/bumperbot_localization:/home/gopal/bumperbot_ws/install/bumperbot_firmware:/home/gopal/bumperbot_ws/install/bumperbot_description:/home/gopal/bumperbot_ws/install/bumperbot_controller:/opt/ros/humble LD_LIBRARY_PATH=/home/gopal/bumperbot_ws/install/bumperbot_firmware/lib:${LD_LIBRARY_PATH} PATH=/home/gopal/bumperbot_ws/install/bumperbot_localization/bin:${PATH} PYTHONPATH=/home/gopal/bumperbot_ws/install/bumperbot_mapping/local/lib/python3.10/dist-packages:/home/gopal/bumperbot_ws/install/bumperbot_localization/local/lib/python3.10/dist-packages:/home/gopal/bumperbot_ws/install/bumperbot_firmware/local/lib/python3.10/dist-packages:/home/gopal/bumperbot_ws/install/bumperbot_controller/local/lib/python3.10/dist-packages:${PYTHONPATH} /usr/bin/cmake /home/gopal/bumperbot_ws/src/bumperbot_bringup -DCMAKE_INSTALL_PREFIX=/home/gopal/bumperbot_ws/install/bumperbot_bringup
[0.680s] Invoking command in '/home/gopal/bumperbot_ws/build/bumperbot_bringup': AMENT_PREFIX_PATH=/home/gopal/bumperbot_ws/install/bumperbot_mapping:/home/gopal/bumperbot_ws/install/bumperbot_localization:/home/gopal/bumperbot_ws/install/bumperbot_firmware:/home/gopal/bumperbot_ws/install/bumperbot_description:/home/gopal/bumperbot_ws/install/bumperbot_controller:${AMENT_PREFIX_PATH} CMAKE_PREFIX_PATH=/home/gopal/bumperbot_ws/install/bumperbot_mapping:/home/gopal/bumperbot_ws/install/bumperbot_localization:/home/gopal/bumperbot_ws/install/bumperbot_firmware:/home/gopal/bumperbot_ws/install/bumperbot_description:/home/gopal/bumperbot_ws/install/bumperbot_controller:/opt/ros/humble LD_LIBRARY_PATH=/home/gopal/bumperbot_ws/install/bumperbot_firmware/lib:${LD_LIBRARY_PATH} PATH=/home/gopal/bumperbot_ws/install/bumperbot_localization/bin:${PATH} PYTHONPATH=/home/gopal/bumperbot_ws/install/bumperbot_mapping/local/lib/python3.10/dist-packages:/home/gopal/bumperbot_ws/install/bumperbot_localization/local/lib/python3.10/dist-packages:/home/gopal/bumperbot_ws/install/bumperbot_firmware/local/lib/python3.10/dist-packages:/home/gopal/bumperbot_ws/install/bumperbot_controller/local/lib/python3.10/dist-packages:${PYTHONPATH} /usr/bin/cmake --build /home/gopal/bumperbot_ws/build/bumperbot_bringup -- -j8 -l8
[0.716s] Invoked command in '/home/gopal/bumperbot_ws/build/bumperbot_bringup' returned '0': AMENT_PREFIX_PATH=/home/gopal/bumperbot_ws/install/bumperbot_mapping:/home/gopal/bumperbot_ws/install/bumperbot_localization:/home/gopal/bumperbot_ws/install/bumperbot_firmware:/home/gopal/bumperbot_ws/install/bumperbot_description:/home/gopal/bumperbot_ws/install/bumperbot_controller:${AMENT_PREFIX_PATH} CMAKE_PREFIX_PATH=/home/gopal/bumperbot_ws/install/bumperbot_mapping:/home/gopal/bumperbot_ws/install/bumperbot_localization:/home/gopal/bumperbot_ws/install/bumperbot_firmware:/home/gopal/bumperbot_ws/install/bumperbot_description:/home/gopal/bumperbot_ws/install/bumperbot_controller:/opt/ros/humble LD_LIBRARY_PATH=/home/gopal/bumperbot_ws/install/bumperbot_firmware/lib:${LD_LIBRARY_PATH} PATH=/home/gopal/bumperbot_ws/install/bumperbot_localization/bin:${PATH} PYTHONPATH=/home/gopal/bumperbot_ws/install/bumperbot_mapping/local/lib/python3.10/dist-packages:/home/gopal/bumperbot_ws/install/bumperbot_localization/local/lib/python3.10/dist-packages:/home/gopal/bumperbot_ws/install/bumperbot_firmware/local/lib/python3.10/dist-packages:/home/gopal/bumperbot_ws/install/bumperbot_controller/local/lib/python3.10/dist-packages:${PYTHONPATH} /usr/bin/cmake --build /home/gopal/bumperbot_ws/build/bumperbot_bringup -- -j8 -l8
[0.717s] Invoking command in '/home/gopal/bumperbot_ws/build/bumperbot_bringup': AMENT_PREFIX_PATH=/home/gopal/bumperbot_ws/install/bumperbot_mapping:/home/gopal/bumperbot_ws/install/bumperbot_localization:/home/gopal/bumperbot_ws/install/bumperbot_firmware:/home/gopal/bumperbot_ws/install/bumperbot_description:/home/gopal/bumperbot_ws/install/bumperbot_controller:${AMENT_PREFIX_PATH} CMAKE_PREFIX_PATH=/home/gopal/bumperbot_ws/install/bumperbot_mapping:/home/gopal/bumperbot_ws/install/bumperbot_localization:/home/gopal/bumperbot_ws/install/bumperbot_firmware:/home/gopal/bumperbot_ws/install/bumperbot_description:/home/gopal/bumperbot_ws/install/bumperbot_controller:/opt/ros/humble LD_LIBRARY_PATH=/home/gopal/bumperbot_ws/install/bumperbot_firmware/lib:${LD_LIBRARY_PATH} PATH=/home/gopal/bumperbot_ws/install/bumperbot_localization/bin:${PATH} PYTHONPATH=/home/gopal/bumperbot_ws/install/bumperbot_mapping/local/lib/python3.10/dist-packages:/home/gopal/bumperbot_ws/install/bumperbot_localization/local/lib/python3.10/dist-packages:/home/gopal/bumperbot_ws/install/bumperbot_firmware/local/lib/python3.10/dist-packages:/home/gopal/bumperbot_ws/install/bumperbot_controller/local/lib/python3.10/dist-packages:${PYTHONPATH} /usr/bin/cmake --install /home/gopal/bumperbot_ws/build/bumperbot_bringup
[0.724s] -- Install configuration: ""
[0.724s] -- Installing: /home/gopal/bumperbot_ws/install/bumperbot_bringup/share/bumperbot_bringup/config
[0.724s] -- Installing: /home/gopal/bumperbot_ws/install/bumperbot_bringup/share/bumperbot_bringup/config/rplidar_a1.yaml
[0.724s] -- Installing: /home/gopal/bumperbot_ws/install/bumperbot_bringup/share/bumperbot_bringup/launch
[0.724s] -- Installing: /home/gopal/bumperbot_ws/install/bumperbot_bringup/share/bumperbot_bringup/launch/simulated_robot.launch.py
[0.724s] -- Installing: /home/gopal/bumperbot_ws/install/bumperbot_bringup/share/bumperbot_bringup/launch/real_robot.launch.py
[0.725s] -- Installing: /home/gopal/bumperbot_ws/install/bumperbot_bringup/share/ament_index/resource_index/package_run_dependencies/bumperbot_bringup
[0.725s] -- Installing: /home/gopal/bumperbot_ws/install/bumperbot_bringup/share/ament_index/resource_index/parent_prefix_path/bumperbot_bringup
[0.726s] -- Installing: /home/gopal/bumperbot_ws/install/bumperbot_bringup/share/bumperbot_bringup/environment/ament_prefix_path.sh
[0.726s] -- Installing: /home/gopal/bumperbot_ws/install/bumperbot_bringup/share/bumperbot_bringup/environment/ament_prefix_path.dsv
[0.726s] -- Installing: /home/gopal/bumperbot_ws/install/bumperbot_bringup/share/bumperbot_bringup/environment/path.sh
[0.726s] -- Installing: /home/gopal/bumperbot_ws/install/bumperbot_bringup/share/bumperbot_bringup/environment/path.dsv
[0.726s] -- Installing: /home/gopal/bumperbot_ws/install/bumperbot_bringup/share/bumperbot_bringup/local_setup.bash
[0.726s] -- Installing: /home/gopal/bumperbot_ws/install/bumperbot_bringup/share/bumperbot_bringup/local_setup.sh
[0.726s] -- Installing: /home/gopal/bumperbot_ws/install/bumperbot_bringup/share/bumperbot_bringup/local_setup.zsh
[0.726s] -- Installing: /home/gopal/bumperbot_ws/install/bumperbot_bringup/share/bumperbot_bringup/local_setup.dsv
[0.726s] -- Installing: /home/gopal/bumperbot_ws/install/bumperbot_bringup/share/bumperbot_bringup/package.dsv
[0.726s] -- Installing: /home/gopal/bumperbot_ws/install/bumperbot_bringup/share/ament_index/resource_index/packages/bumperbot_bringup
[0.726s] -- Installing: /home/gopal/bumperbot_ws/install/bumperbot_bringup/share/bumperbot_bringup/cmake/bumperbot_bringupConfig.cmake
[0.726s] -- Installing: /home/gopal/bumperbot_ws/install/bumperbot_bringup/share/bumperbot_bringup/cmake/bumperbot_bringupConfig-version.cmake
[0.726s] -- Installing: /home/gopal/bumperbot_ws/install/bumperbot_bringup/share/bumperbot_bringup/package.xml
[0.728s] Invoked command in '/home/gopal/bumperbot_ws/build/bumperbot_bringup' returned '0': AMENT_PREFIX_PATH=/home/gopal/bumperbot_ws/install/bumperbot_mapping:/home/gopal/bumperbot_ws/install/bumperbot_localization:/home/gopal/bumperbot_ws/install/bumperbot_firmware:/home/gopal/bumperbot_ws/install/bumperbot_description:/home/gopal/bumperbot_ws/install/bumperbot_controller:${AMENT_PREFIX_PATH} CMAKE_PREFIX_PATH=/home/gopal/bumperbot_ws/install/bumperbot_mapping:/home/gopal/bumperbot_ws/install/bumperbot_localization:/home/gopal/bumperbot_ws/install/bumperbot_firmware:/home/gopal/bumperbot_ws/install/bumperbot_description:/home/gopal/bumperbot_ws/install/bumperbot_controller:/opt/ros/humble LD_LIBRARY_PATH=/home/gopal/bumperbot_ws/install/bumperbot_firmware/lib:${LD_LIBRARY_PATH} PATH=/home/gopal/bumperbot_ws/install/bumperbot_localization/bin:${PATH} PYTHONPATH=/home/gopal/bumperbot_ws/install/bumperbot_mapping/local/lib/python3.10/dist-packages:/home/gopal/bumperbot_ws/install/bumperbot_localization/local/lib/python3.10/dist-packages:/home/gopal/bumperbot_ws/install/bumperbot_firmware/local/lib/python3.10/dist-packages:/home/gopal/bumperbot_ws/install/bumperbot_controller/local/lib/python3.10/dist-packages:${PYTHONPATH} /usr/bin/cmake --install /home/gopal/bumperbot_ws/build/bumperbot_bringup
