[0.005s] Invoking command in '/home/gopal/bumperbot_ws/build/bumperbot_mapping': CMAKE_PREFIX_PATH=/opt/ros/humble /usr/bin/cmake --build /home/gopal/bumperbot_ws/build/bumperbot_mapping -- -j8 -l8
[0.045s] [ 50%] [32mBuilding CXX object CMakeFiles/mapping_with_known_poses.dir/src/mapping_with_known_poses.cpp.o[0m
[0.051s] [ 50%] Built target ament_cmake_python_copy_bumperbot_mapping
[0.260s] running egg_info
[0.260s] writing bumperbot_mapping.egg-info/PKG-INFO
[0.261s] writing dependency_links to bumperbot_mapping.egg-info/dependency_links.txt
[0.261s] writing top-level names to bumperbot_mapping.egg-info/top_level.txt
[0.263s] reading manifest file 'bumperbot_mapping.egg-info/SOURCES.txt'
[0.264s] writing manifest file 'bumperbot_mapping.egg-info/SOURCES.txt'
[0.285s] [ 50%] Built target ament_cmake_python_build_bumperbot_mapping_egg
[6.923s] [100%] [32m[1mLinking CXX executable mapping_with_known_poses[0m
[7.279s] [100%] Built target mapping_with_known_poses
[7.286s] Invoked command in '/home/gopal/bumperbot_ws/build/bumperbot_mapping' returned '0': CMAKE_PREFIX_PATH=/opt/ros/humble /usr/bin/cmake --build /home/gopal/bumperbot_ws/build/bumperbot_mapping -- -j8 -l8
[7.287s] Invoking command in '/home/gopal/bumperbot_ws/build/bumperbot_mapping': CMAKE_PREFIX_PATH=/opt/ros/humble /usr/bin/cmake --install /home/gopal/bumperbot_ws/build/bumperbot_mapping
[7.292s] -- Install configuration: ""
[7.292s] -- Installing: /home/gopal/bumperbot_ws/install/bumperbot_mapping/share/bumperbot_mapping/environment/pythonpath.sh
[7.292s] -- Installing: /home/gopal/bumperbot_ws/install/bumperbot_mapping/share/bumperbot_mapping/environment/pythonpath.dsv
[7.293s] -- Installing: /home/gopal/bumperbot_ws/install/bumperbot_mapping/local/lib/python3.10/dist-packages/bumperbot_mapping-0.0.0-py3.10.egg-info
[7.293s] -- Installing: /home/gopal/bumperbot_ws/install/bumperbot_mapping/local/lib/python3.10/dist-packages/bumperbot_mapping-0.0.0-py3.10.egg-info/top_level.txt
[7.293s] -- Installing: /home/gopal/bumperbot_ws/install/bumperbot_mapping/local/lib/python3.10/dist-packages/bumperbot_mapping-0.0.0-py3.10.egg-info/dependency_links.txt
[7.293s] -- Installing: /home/gopal/bumperbot_ws/install/bumperbot_mapping/local/lib/python3.10/dist-packages/bumperbot_mapping-0.0.0-py3.10.egg-info/SOURCES.txt
[7.293s] -- Installing: /home/gopal/bumperbot_ws/install/bumperbot_mapping/local/lib/python3.10/dist-packages/bumperbot_mapping-0.0.0-py3.10.egg-info/PKG-INFO
[7.293s] -- Installing: /home/gopal/bumperbot_ws/install/bumperbot_mapping/local/lib/python3.10/dist-packages/bumperbot_mapping
[7.293s] -- Installing: /home/gopal/bumperbot_ws/install/bumperbot_mapping/local/lib/python3.10/dist-packages/bumperbot_mapping/mapping_with_known_poses.py
[7.293s] -- Installing: /home/gopal/bumperbot_ws/install/bumperbot_mapping/local/lib/python3.10/dist-packages/bumperbot_mapping/__init__.py
[7.320s] Listing '/home/gopal/bumperbot_ws/install/bumperbot_mapping/local/lib/python3.10/dist-packages/bumperbot_mapping'...
[7.320s] Compiling '/home/gopal/bumperbot_ws/install/bumperbot_mapping/local/lib/python3.10/dist-packages/bumperbot_mapping/__init__.py'...
[7.320s] Compiling '/home/gopal/bumperbot_ws/install/bumperbot_mapping/local/lib/python3.10/dist-packages/bumperbot_mapping/mapping_with_known_poses.py'...
[7.324s] -- Installing: /home/gopal/bumperbot_ws/install/bumperbot_mapping/include/include
[7.324s] -- Installing: /home/gopal/bumperbot_ws/install/bumperbot_mapping/include/include/bumperbot_mapping
[7.324s] -- Installing: /home/gopal/bumperbot_ws/install/bumperbot_mapping/include/include/bumperbot_mapping/mapping_with_known_poses.hpp
[7.324s] -- Installing: /home/gopal/bumperbot_ws/install/bumperbot_mapping/lib/bumperbot_mapping/mapping_with_known_poses
[7.326s] -- Set runtime path of "/home/gopal/bumperbot_ws/install/bumperbot_mapping/lib/bumperbot_mapping/mapping_with_known_poses" to ""
[7.327s] -- Installing: /home/gopal/bumperbot_ws/install/bumperbot_mapping/share/bumperbot_mapping/config
[7.327s] -- Installing: /home/gopal/bumperbot_ws/install/bumperbot_mapping/share/bumperbot_mapping/config/slam_toolbox.yaml
[7.327s] -- Installing: /home/gopal/bumperbot_ws/install/bumperbot_mapping/share/bumperbot_mapping/launch
[7.327s] -- Installing: /home/gopal/bumperbot_ws/install/bumperbot_mapping/share/bumperbot_mapping/launch/slam.launch.py
[7.327s] -- Installing: /home/gopal/bumperbot_ws/install/bumperbot_mapping/share/bumperbot_mapping/maps
[7.327s] -- Installing: /home/gopal/bumperbot_ws/install/bumperbot_mapping/share/bumperbot_mapping/maps/small_warehouse
[7.327s] -- Installing: /home/gopal/bumperbot_ws/install/bumperbot_mapping/share/bumperbot_mapping/maps/small_warehouse/map.yaml
[7.327s] -- Installing: /home/gopal/bumperbot_ws/install/bumperbot_mapping/share/bumperbot_mapping/maps/small_warehouse/map.pgm
[7.328s] -- Installing: /home/gopal/bumperbot_ws/install/bumperbot_mapping/share/bumperbot_mapping/maps/small_house
[7.328s] -- Installing: /home/gopal/bumperbot_ws/install/bumperbot_mapping/share/bumperbot_mapping/maps/small_house/map.yaml
[7.328s] -- Installing: /home/gopal/bumperbot_ws/install/bumperbot_mapping/share/bumperbot_mapping/maps/small_house/map.pgm
[7.329s] -- Installing: /home/gopal/bumperbot_ws/install/bumperbot_mapping/share/bumperbot_mapping/rviz
[7.329s] -- Installing: /home/gopal/bumperbot_ws/install/bumperbot_mapping/share/bumperbot_mapping/rviz/slam.rviz
[7.329s] -- Installing: /home/gopal/bumperbot_ws/install/bumperbot_mapping/lib/bumperbot_mapping/mapping_with_known_poses.py
[7.329s] -- Installing: /home/gopal/bumperbot_ws/install/bumperbot_mapping/share/ament_index/resource_index/package_run_dependencies/bumperbot_mapping
[7.330s] -- Installing: /home/gopal/bumperbot_ws/install/bumperbot_mapping/share/ament_index/resource_index/parent_prefix_path/bumperbot_mapping
[7.330s] -- Installing: /home/gopal/bumperbot_ws/install/bumperbot_mapping/share/bumperbot_mapping/environment/ament_prefix_path.sh
[7.330s] -- Installing: /home/gopal/bumperbot_ws/install/bumperbot_mapping/share/bumperbot_mapping/environment/ament_prefix_path.dsv
[7.330s] -- Installing: /home/gopal/bumperbot_ws/install/bumperbot_mapping/share/bumperbot_mapping/environment/path.sh
[7.330s] -- Installing: /home/gopal/bumperbot_ws/install/bumperbot_mapping/share/bumperbot_mapping/environment/path.dsv
[7.330s] -- Installing: /home/gopal/bumperbot_ws/install/bumperbot_mapping/share/bumperbot_mapping/local_setup.bash
[7.330s] -- Installing: /home/gopal/bumperbot_ws/install/bumperbot_mapping/share/bumperbot_mapping/local_setup.sh
[7.331s] -- Installing: /home/gopal/bumperbot_ws/install/bumperbot_mapping/share/bumperbot_mapping/local_setup.zsh
[7.331s] -- Installing: /home/gopal/bumperbot_ws/install/bumperbot_mapping/share/bumperbot_mapping/local_setup.dsv
[7.331s] -- Installing: /home/gopal/bumperbot_ws/install/bumperbot_mapping/share/bumperbot_mapping/package.dsv
[7.331s] -- Installing: /home/gopal/bumperbot_ws/install/bumperbot_mapping/share/ament_index/resource_index/packages/bumperbot_mapping
[7.331s] -- Installing: /home/gopal/bumperbot_ws/install/bumperbot_mapping/share/bumperbot_mapping/cmake/bumperbot_mappingConfig.cmake
[7.331s] -- Installing: /home/gopal/bumperbot_ws/install/bumperbot_mapping/share/bumperbot_mapping/cmake/bumperbot_mappingConfig-version.cmake
[7.331s] -- Installing: /home/gopal/bumperbot_ws/install/bumperbot_mapping/share/bumperbot_mapping/package.xml
[7.333s] Invoked command in '/home/gopal/bumperbot_ws/build/bumperbot_mapping' returned '0': CMAKE_PREFIX_PATH=/opt/ros/humble /usr/bin/cmake --install /home/gopal/bumperbot_ws/build/bumperbot_mapping
