[0.027s] Invoking command in '/home/gopal/bumperbot_ws/build/bumperbot_localization': CMAKE_PREFIX_PATH=/opt/ros/humble /usr/bin/cmake /home/gopal/bumperbot_ws/src/bumperbot_localization -DCMAKE_INSTALL_PREFIX=/home/gopal/bumperbot_ws/install/bumperbot_localization
[0.157s] -- The C compiler identification is GNU 11.4.0
[0.286s] -- The CXX compiler identification is GNU 11.4.0
[0.293s] -- Detecting C compiler ABI info
[0.400s] -- Detecting C compiler ABI info - done
[0.425s] -- Check for working C compiler: /usr/bin/cc - skipped
[0.425s] -- Detecting C compile features
[0.426s] -- Detecting C compile features - done
[0.431s] -- Detecting CXX compiler ABI info
[0.554s] -- Detecting CXX compiler ABI info - done
[0.566s] -- Check for working CXX compiler: /usr/bin/c++ - skipped
[0.566s] -- Detecting CXX compile features
[0.569s] -- Detecting CXX compile features - done
[0.571s] -- Found ament_cmake: 1.3.12 (/opt/ros/humble/share/ament_cmake/cmake)
[0.801s] -- Found Python3: /usr/bin/python3 (found version "3.10.12") found components: Interpreter 
[0.953s] -- Found rclcpp: 16.0.14 (/opt/ros/humble/share/rclcpp/cmake)
[1.020s] -- Found rosidl_generator_c: 3.1.7 (/opt/ros/humble/share/rosidl_generator_c/cmake)
[1.030s] -- Found rosidl_adapter: 3.1.7 (/opt/ros/humble/share/rosidl_adapter/cmake)
[1.044s] -- Found rosidl_generator_cpp: 3.1.7 (/opt/ros/humble/share/rosidl_generator_cpp/cmake)
[1.069s] -- Using all available rosidl_typesupport_c: rosidl_typesupport_fastrtps_c;rosidl_typesupport_introspection_c
[1.097s] -- Using all available rosidl_typesupport_cpp: rosidl_typesupport_fastrtps_cpp;rosidl_typesupport_introspection_cpp
[1.166s] -- Found rmw_implementation_cmake: 6.1.2 (/opt/ros/humble/share/rmw_implementation_cmake/cmake)
[1.171s] -- Found rmw_cyclonedds_cpp: 1.3.4 (/opt/ros/humble/share/rmw_cyclonedds_cpp/cmake)
[1.205s] -- Using RMW implementation 'rmw_cyclonedds_cpp' as default
[1.221s] -- Looking for pthread.h
[1.341s] -- Looking for pthread.h - found
[1.341s] -- Performing Test CMAKE_HAVE_LIBC_PTHREAD
[1.482s] -- Performing Test CMAKE_HAVE_LIBC_PTHREAD - Success
[1.484s] -- Found Threads: TRUE  
[1.562s] -- Found rclpy: 3.3.17 (/opt/ros/humble/share/rclpy/cmake)
[1.563s] -- Found nav_msgs: 4.9.0 (/opt/ros/humble/share/nav_msgs/cmake)
[1.609s] -- Found sensor_msgs: 4.9.0 (/opt/ros/humble/share/sensor_msgs/cmake)
[1.638s] -- Found tf2: 0.25.15 (/opt/ros/humble/share/tf2/cmake)
[1.859s] -- Configuring done
[1.885s] -- Generating done
[1.896s] -- Build files have been written to: /home/gopal/bumperbot_ws/build/bumperbot_localization
[1.914s] Invoked command in '/home/gopal/bumperbot_ws/build/bumperbot_localization' returned '0': CMAKE_PREFIX_PATH=/opt/ros/humble /usr/bin/cmake /home/gopal/bumperbot_ws/src/bumperbot_localization -DCMAKE_INSTALL_PREFIX=/home/gopal/bumperbot_ws/install/bumperbot_localization
[1.915s] Invoking command in '/home/gopal/bumperbot_ws/build/bumperbot_localization': CMAKE_PREFIX_PATH=/opt/ros/humble /usr/bin/cmake --build /home/gopal/bumperbot_ws/build/bumperbot_localization -- -j8 -l8
[2.092s] [ 16%] [32mBuilding CXX object CMakeFiles/imu_republisher.dir/src/imu_republisher.cpp.o[0m
[2.092s] [ 33%] [32mBuilding CXX object CMakeFiles/kalman_filter.dir/src/kalman_filter.cpp.o[0m
[2.093s] [ 50%] [32mBuilding CXX object CMakeFiles/odometry_motion_model.dir/src/odometry_motion_model.cpp.o[0m
[2.093s] [ 50%] Built target ament_cmake_python_copy_bumperbot_localization
[2.814s] running egg_info
[2.818s] creating bumperbot_localization.egg-info
[2.818s] writing bumperbot_localization.egg-info/PKG-INFO
[2.819s] writing dependency_links to bumperbot_localization.egg-info/dependency_links.txt
[2.819s] writing top-level names to bumperbot_localization.egg-info/top_level.txt
[2.819s] writing manifest file 'bumperbot_localization.egg-info/SOURCES.txt'
[2.827s] reading manifest file 'bumperbot_localization.egg-info/SOURCES.txt'
[2.834s] writing manifest file 'bumperbot_localization.egg-info/SOURCES.txt'
[2.906s] [ 50%] Built target ament_cmake_python_build_bumperbot_localization_egg
