[0.026s] Invoking command in '/home/gopal/bumperbot_ws/build/bumperbot_mapping': CMAKE_PREFIX_PATH=/opt/ros/humble /usr/bin/cmake /home/gopal/bumperbot_ws/src/bumperbot_mapping -DCMAKE_INSTALL_PREFIX=/home/gopal/bumperbot_ws/install/bumperbot_mapping
[0.157s] -- The C compiler identification is GNU 11.4.0
[0.279s] -- The CXX compiler identification is GNU 11.4.0
[0.290s] -- Detecting C compiler ABI info
[0.405s] -- Detecting C compiler ABI info - done
[0.414s] -- Check for working C compiler: /usr/bin/cc - skipped
[0.414s] -- Detecting C compile features
[0.414s] -- Detecting C compile features - done
[0.420s] -- Detecting CXX compiler ABI info
[0.548s] -- Detecting CXX compiler ABI info - done
[0.557s] -- Check for working CXX compiler: /usr/bin/c++ - skipped
[0.557s] -- Detecting CXX compile features
[0.558s] -- Detecting CXX compile features - done
[0.566s] -- Found ament_cmake: 1.3.12 (/opt/ros/humble/share/ament_cmake/cmake)
[0.803s] -- Found Python3: /usr/bin/python3 (found version "3.10.12") found components: Interpreter 
[0.951s] -- Found rclcpp: 16.0.14 (/opt/ros/humble/share/rclcpp/cmake)
[1.018s] -- Found rosidl_generator_c: 3.1.7 (/opt/ros/humble/share/rosidl_generator_c/cmake)
[1.027s] -- Found rosidl_adapter: 3.1.7 (/opt/ros/humble/share/rosidl_adapter/cmake)
[1.041s] -- Found rosidl_generator_cpp: 3.1.7 (/opt/ros/humble/share/rosidl_generator_cpp/cmake)
[1.066s] -- Using all available rosidl_typesupport_c: rosidl_typesupport_fastrtps_c;rosidl_typesupport_introspection_c
[1.094s] -- Using all available rosidl_typesupport_cpp: rosidl_typesupport_fastrtps_cpp;rosidl_typesupport_introspection_cpp
[1.164s] -- Found rmw_implementation_cmake: 6.1.2 (/opt/ros/humble/share/rmw_implementation_cmake/cmake)
[1.168s] -- Found rmw_cyclonedds_cpp: 1.3.4 (/opt/ros/humble/share/rmw_cyclonedds_cpp/cmake)
[1.203s] -- Using RMW implementation 'rmw_cyclonedds_cpp' as default
[1.221s] -- Looking for pthread.h
[1.338s] -- Looking for pthread.h - found
[1.338s] -- Performing Test CMAKE_HAVE_LIBC_PTHREAD
[1.462s] -- Performing Test CMAKE_HAVE_LIBC_PTHREAD - Success
[1.463s] -- Found Threads: TRUE  
[1.558s] -- Found rclpy: 3.3.17 (/opt/ros/humble/share/rclpy/cmake)
[1.560s] -- Found sensor_msgs: 4.9.0 (/opt/ros/humble/share/sensor_msgs/cmake)
[1.615s] -- Found nav_msgs: 4.9.0 (/opt/ros/humble/share/nav_msgs/cmake)
[1.635s] -- Found tf2_ros: 0.25.15 (/opt/ros/humble/share/tf2_ros/cmake)
[2.051s] -- Configuring done
[2.065s] -- Generating done
[2.080s] -- Build files have been written to: /home/gopal/bumperbot_ws/build/bumperbot_mapping
[2.116s] Invoked command in '/home/gopal/bumperbot_ws/build/bumperbot_mapping' returned '0': CMAKE_PREFIX_PATH=/opt/ros/humble /usr/bin/cmake /home/gopal/bumperbot_ws/src/bumperbot_mapping -DCMAKE_INSTALL_PREFIX=/home/gopal/bumperbot_ws/install/bumperbot_mapping
[2.116s] Invoking command in '/home/gopal/bumperbot_ws/build/bumperbot_mapping': CMAKE_PREFIX_PATH=/opt/ros/humble /usr/bin/cmake --build /home/gopal/bumperbot_ws/build/bumperbot_mapping -- -j8 -l8
[2.341s] [ 50%] [32mBuilding CXX object CMakeFiles/mapping_with_known_poses.dir/src/mapping_with_known_poses.cpp.o[0m
[2.341s] [ 50%] Built target ament_cmake_python_copy_bumperbot_mapping
[3.003s] running egg_info
[3.003s] creating bumperbot_mapping.egg-info
[3.003s] writing bumperbot_mapping.egg-info/PKG-INFO
[3.003s] writing dependency_links to bumperbot_mapping.egg-info/dependency_links.txt
[3.004s] writing top-level names to bumperbot_mapping.egg-info/top_level.txt
[3.004s] writing manifest file 'bumperbot_mapping.egg-info/SOURCES.txt'
[3.008s] reading manifest file 'bumperbot_mapping.egg-info/SOURCES.txt'
[3.009s] writing manifest file 'bumperbot_mapping.egg-info/SOURCES.txt'
[3.075s] [ 50%] Built target ament_cmake_python_build_bumperbot_mapping_egg
