[0.005s] Invoking command in '/home/gopal/bumperbot_ws/build/bumperbot_motion': CMAKE_PREFIX_PATH=/opt/ros/humble /usr/bin/cmake --build /home/gopal/bumperbot_ws/build/bumperbot_motion -- -j8 -l8
[0.050s] [ 50%] [32mBuilding CXX object CMakeFiles/pure_pursuit.dir/src/pure_pursuit.cpp.o[0m
[0.050s] [ 50%] [32mBuilding CXX object CMakeFiles/pd_motion_planner.dir/src/pd_motion_planner.cpp.o[0m
[0.055s] [ 50%] Built target ament_cmake_python_copy_bumperbot_motion
[0.267s] running egg_info
[0.268s] writing bumperbot_motion.egg-info/PKG-INFO
[0.268s] writing dependency_links to bumperbot_motion.egg-info/dependency_links.txt
[0.268s] writing top-level names to bumperbot_motion.egg-info/top_level.txt
[0.273s] reading manifest file 'bumperbot_motion.egg-info/SOURCES.txt'
[0.274s] writing manifest file 'bumperbot_motion.egg-info/SOURCES.txt'
[0.296s] [ 50%] Built target ament_cmake_python_build_bumperbot_motion_egg
[5.058s] [ 75%] [32m[1mLinking CXX shared library libpure_pursuit.so[0m
[5.165s] [100%] [32m[1mLinking CXX shared library libpd_motion_planner.so[0m
[5.446s] [100%] Built target pure_pursuit
[5.501s] [100%] Built target pd_motion_planner
[5.509s] Invoked command in '/home/gopal/bumperbot_ws/build/bumperbot_motion' returned '0': CMAKE_PREFIX_PATH=/opt/ros/humble /usr/bin/cmake --build /home/gopal/bumperbot_ws/build/bumperbot_motion -- -j8 -l8
[5.510s] Invoking command in '/home/gopal/bumperbot_ws/build/bumperbot_motion': CMAKE_PREFIX_PATH=/opt/ros/humble /usr/bin/cmake --install /home/gopal/bumperbot_ws/build/bumperbot_motion
[5.515s] -- Install configuration: ""
[5.515s] -- Installing: /home/gopal/bumperbot_ws/install/bumperbot_motion/share/bumperbot_motion/environment/pythonpath.sh
[5.515s] -- Installing: /home/gopal/bumperbot_ws/install/bumperbot_motion/share/bumperbot_motion/environment/pythonpath.dsv
[5.516s] -- Installing: /home/gopal/bumperbot_ws/install/bumperbot_motion/local/lib/python3.10/dist-packages/bumperbot_motion-0.0.0-py3.10.egg-info
[5.516s] -- Installing: /home/gopal/bumperbot_ws/install/bumperbot_motion/local/lib/python3.10/dist-packages/bumperbot_motion-0.0.0-py3.10.egg-info/top_level.txt
[5.516s] -- Installing: /home/gopal/bumperbot_ws/install/bumperbot_motion/local/lib/python3.10/dist-packages/bumperbot_motion-0.0.0-py3.10.egg-info/dependency_links.txt
[5.516s] -- Installing: /home/gopal/bumperbot_ws/install/bumperbot_motion/local/lib/python3.10/dist-packages/bumperbot_motion-0.0.0-py3.10.egg-info/SOURCES.txt
[5.516s] -- Installing: /home/gopal/bumperbot_ws/install/bumperbot_motion/local/lib/python3.10/dist-packages/bumperbot_motion-0.0.0-py3.10.egg-info/PKG-INFO
[5.516s] -- Installing: /home/gopal/bumperbot_ws/install/bumperbot_motion/local/lib/python3.10/dist-packages/bumperbot_motion
[5.516s] -- Installing: /home/gopal/bumperbot_ws/install/bumperbot_motion/local/lib/python3.10/dist-packages/bumperbot_motion/pd_motion_planner.py
[5.516s] -- Installing: /home/gopal/bumperbot_ws/install/bumperbot_motion/local/lib/python3.10/dist-packages/bumperbot_motion/pure_pursuit.py
[5.516s] -- Installing: /home/gopal/bumperbot_ws/install/bumperbot_motion/local/lib/python3.10/dist-packages/bumperbot_motion/__init__.py
[5.542s] Listing '/home/gopal/bumperbot_ws/install/bumperbot_motion/local/lib/python3.10/dist-packages/bumperbot_motion'...
[5.542s] Compiling '/home/gopal/bumperbot_ws/install/bumperbot_motion/local/lib/python3.10/dist-packages/bumperbot_motion/__init__.py'...
[5.542s] Compiling '/home/gopal/bumperbot_ws/install/bumperbot_motion/local/lib/python3.10/dist-packages/bumperbot_motion/pd_motion_planner.py'...
[5.542s] Compiling '/home/gopal/bumperbot_ws/install/bumperbot_motion/local/lib/python3.10/dist-packages/bumperbot_motion/pure_pursuit.py'...
[5.545s] -- Installing: /home/gopal/bumperbot_ws/install/bumperbot_motion/share/bumperbot_motion/motion_planner_plugins.xml
[5.545s] -- Installing: /home/gopal/bumperbot_ws/install/bumperbot_motion/lib/libpd_motion_planner.so
[5.546s] -- Set runtime path of "/home/gopal/bumperbot_ws/install/bumperbot_motion/lib/libpd_motion_planner.so" to ""
[5.547s] -- Installing: /home/gopal/bumperbot_ws/install/bumperbot_motion/lib/libpure_pursuit.so
[5.548s] -- Set runtime path of "/home/gopal/bumperbot_ws/install/bumperbot_motion/lib/libpure_pursuit.so" to ""
[5.548s] -- Installing: /home/gopal/bumperbot_ws/install/bumperbot_motion/include/include
[5.548s] -- Installing: /home/gopal/bumperbot_ws/install/bumperbot_motion/include/include/bumperbot_motion
[5.548s] -- Installing: /home/gopal/bumperbot_ws/install/bumperbot_motion/include/include/bumperbot_motion/pure_pursuit.hpp
[5.548s] -- Installing: /home/gopal/bumperbot_ws/install/bumperbot_motion/include/include/bumperbot_motion/pd_motion_planner.hpp
[5.548s] -- Installing: /home/gopal/bumperbot_ws/install/bumperbot_motion/lib/bumperbot_motion/pd_motion_planner.py
[5.548s] -- Installing: /home/gopal/bumperbot_ws/install/bumperbot_motion/lib/bumperbot_motion/pure_pursuit.py
[5.548s] -- Installing: /home/gopal/bumperbot_ws/install/bumperbot_motion/share/bumperbot_motion/environment/library_path.sh
[5.548s] -- Installing: /home/gopal/bumperbot_ws/install/bumperbot_motion/share/bumperbot_motion/environment/library_path.dsv
[5.548s] -- Installing: /home/gopal/bumperbot_ws/install/bumperbot_motion/share/ament_index/resource_index/package_run_dependencies/bumperbot_motion
[5.548s] -- Installing: /home/gopal/bumperbot_ws/install/bumperbot_motion/share/ament_index/resource_index/parent_prefix_path/bumperbot_motion
[5.549s] -- Installing: /home/gopal/bumperbot_ws/install/bumperbot_motion/share/bumperbot_motion/environment/ament_prefix_path.sh
[5.549s] -- Installing: /home/gopal/bumperbot_ws/install/bumperbot_motion/share/bumperbot_motion/environment/ament_prefix_path.dsv
[5.549s] -- Installing: /home/gopal/bumperbot_ws/install/bumperbot_motion/share/bumperbot_motion/environment/path.sh
[5.549s] -- Installing: /home/gopal/bumperbot_ws/install/bumperbot_motion/share/bumperbot_motion/environment/path.dsv
[5.549s] -- Installing: /home/gopal/bumperbot_ws/install/bumperbot_motion/share/bumperbot_motion/local_setup.bash
[5.549s] -- Installing: /home/gopal/bumperbot_ws/install/bumperbot_motion/share/bumperbot_motion/local_setup.sh
[5.549s] -- Installing: /home/gopal/bumperbot_ws/install/bumperbot_motion/share/bumperbot_motion/local_setup.zsh
[5.549s] -- Installing: /home/gopal/bumperbot_ws/install/bumperbot_motion/share/bumperbot_motion/local_setup.dsv
[5.549s] -- Installing: /home/gopal/bumperbot_ws/install/bumperbot_motion/share/bumperbot_motion/package.dsv
[5.550s] -- Installing: /home/gopal/bumperbot_ws/install/bumperbot_motion/share/ament_index/resource_index/packages/bumperbot_motion
[5.550s] -- Installing: /home/gopal/bumperbot_ws/install/bumperbot_motion/share/ament_index/resource_index/nav2_core__pluginlib__plugin/bumperbot_motion
[5.550s] -- Installing: /home/gopal/bumperbot_ws/install/bumperbot_motion/share/bumperbot_motion/cmake/ament_cmake_export_include_directories-extras.cmake
[5.550s] -- Installing: /home/gopal/bumperbot_ws/install/bumperbot_motion/share/bumperbot_motion/cmake/ament_cmake_export_libraries-extras.cmake
[5.550s] -- Installing: /home/gopal/bumperbot_ws/install/bumperbot_motion/share/bumperbot_motion/cmake/ament_cmake_export_dependencies-extras.cmake
[5.550s] -- Installing: /home/gopal/bumperbot_ws/install/bumperbot_motion/share/bumperbot_motion/cmake/bumperbot_motionConfig.cmake
[5.550s] -- Installing: /home/gopal/bumperbot_ws/install/bumperbot_motion/share/bumperbot_motion/cmake/bumperbot_motionConfig-version.cmake
[5.551s] -- Installing: /home/gopal/bumperbot_ws/install/bumperbot_motion/share/bumperbot_motion/package.xml
[5.552s] Invoked command in '/home/gopal/bumperbot_ws/build/bumperbot_motion' returned '0': CMAKE_PREFIX_PATH=/opt/ros/humble /usr/bin/cmake --install /home/gopal/bumperbot_ws/build/bumperbot_motion
