[0.028s] Invoking command in '/home/gopal/bumperbot_ws/build/bumperbot_firmware': CMAKE_PREFIX_PATH=/opt/ros/humble /usr/bin/cmake /home/gopal/bumperbot_ws/src/bumperbot_firmware -DCMAKE_INSTALL_PREFIX=/home/gopal/bumperbot_ws/install/bumperbot_firmware
[0.163s] -- The C compiler identification is GNU 11.4.0
[0.285s] -- The CXX compiler identification is GNU 11.4.0
[0.296s] -- Detecting C compiler ABI info
[0.402s] -- Detecting C compiler ABI info - done
[0.415s] -- Check for working C compiler: /usr/bin/cc - skipped
[0.415s] -- Detecting C compile features
[0.418s] -- Detecting C compile features - done
[0.420s] -- Detecting CXX compiler ABI info
[0.549s] -- Detecting CXX compiler ABI info - done
[0.559s] -- Check for working CXX compiler: /usr/bin/c++ - skipped
[0.560s] -- Detecting CXX compile features
[0.560s] -- Detecting CXX compile features - done
[0.573s] -- Found ament_cmake: 1.3.12 (/opt/ros/humble/share/ament_cmake/cmake)
[0.829s] -- Found Python3: /usr/bin/python3 (found version "3.10.12") found components: Interpreter 
[0.965s] -- Found rclcpp: 16.0.14 (/opt/ros/humble/share/rclcpp/cmake)
[1.024s] -- Found rosidl_generator_c: 3.1.7 (/opt/ros/humble/share/rosidl_generator_c/cmake)
[1.033s] -- Found rosidl_adapter: 3.1.7 (/opt/ros/humble/share/rosidl_adapter/cmake)
[1.047s] -- Found rosidl_generator_cpp: 3.1.7 (/opt/ros/humble/share/rosidl_generator_cpp/cmake)
[1.072s] -- Using all available rosidl_typesupport_c: rosidl_typesupport_fastrtps_c;rosidl_typesupport_introspection_c
[1.100s] -- Using all available rosidl_typesupport_cpp: rosidl_typesupport_fastrtps_cpp;rosidl_typesupport_introspection_cpp
[1.169s] -- Found rmw_implementation_cmake: 6.1.2 (/opt/ros/humble/share/rmw_implementation_cmake/cmake)
[1.174s] -- Found rmw_cyclonedds_cpp: 1.3.4 (/opt/ros/humble/share/rmw_cyclonedds_cpp/cmake)
[1.209s] -- Using RMW implementation 'rmw_cyclonedds_cpp' as default
[1.225s] -- Looking for pthread.h
[1.341s] -- Looking for pthread.h - found
[1.341s] -- Performing Test CMAKE_HAVE_LIBC_PTHREAD
[1.485s] -- Performing Test CMAKE_HAVE_LIBC_PTHREAD - Success
[1.486s] -- Found Threads: TRUE  
[1.565s] -- Found rclpy: 3.3.17 (/opt/ros/humble/share/rclpy/cmake)
[1.567s] -- Found hardware_interface: 2.51.0 (/opt/ros/humble/share/hardware_interface/cmake)
[1.818s] -- Found PkgConfig: /usr/bin/pkg-config (found version "0.29.2") 
[1.818s] -- Checking for module 'libserial'
[1.837s] --   Found libserial, version 1.0.0
[2.156s] -- Configuring done
[2.290s] -- Generating done
[2.306s] -- Build files have been written to: /home/gopal/bumperbot_ws/build/bumperbot_firmware
[2.356s] Invoked command in '/home/gopal/bumperbot_ws/build/bumperbot_firmware' returned '0': CMAKE_PREFIX_PATH=/opt/ros/humble /usr/bin/cmake /home/gopal/bumperbot_ws/src/bumperbot_firmware -DCMAKE_INSTALL_PREFIX=/home/gopal/bumperbot_ws/install/bumperbot_firmware
[2.357s] Invoking command in '/home/gopal/bumperbot_ws/build/bumperbot_firmware': CMAKE_PREFIX_PATH=/opt/ros/humble /usr/bin/cmake --build /home/gopal/bumperbot_ws/build/bumperbot_firmware -- -j8 -l8
[3.743s] [ 16%] [32mBuilding CXX object CMakeFiles/simple_serial_receiver.dir/src/simple_serial_receiver.cpp.o[0m
[3.743s] [ 33%] [32mBuilding CXX object CMakeFiles/bumperbot_firmware.dir/src/bumperbot_interface.cpp.o[0m
[3.744s] [ 50%] [32mBuilding CXX object CMakeFiles/simple_serial_transmitter.dir/src/simple_serial_transmitter.cpp.o[0m
[3.744s] [ 50%] Built target ament_cmake_python_copy_bumperbot_firmware
[3.744s] running egg_info
[3.744s] creating bumperbot_firmware.egg-info
[3.744s] writing bumperbot_firmware.egg-info/PKG-INFO
[3.744s] writing dependency_links to bumperbot_firmware.egg-info/dependency_links.txt
[3.744s] writing top-level names to bumperbot_firmware.egg-info/top_level.txt
[3.744s] writing manifest file 'bumperbot_firmware.egg-info/SOURCES.txt'
[3.744s] reading manifest file 'bumperbot_firmware.egg-info/SOURCES.txt'
[3.744s] writing manifest file 'bumperbot_firmware.egg-info/SOURCES.txt'
[3.744s] [ 50%] Built target ament_cmake_python_build_bumperbot_firmware_egg
